Flow report for codificador
Fri Sep  6 16:09:08 2019
Quartus II Version 9.0 Build 132 02/25/2009 SJ Full Version


---------------------
; Table of Contents ;
---------------------
  1. Legal Notice
  2. Flow Summary
  3. Flow Settings
  4. Flow Non-Default Global Settings
  5. Flow Elapsed Time
  6. Flow OS Summary
  7. Flow Log



----------------
; Legal Notice ;
----------------
Copyright (C) 1991-2009 Altera Corporation
Your use of Altera Corporation's design tools, logic functions 
and other software and tools, and its AMPP partner logic 
functions, and any output files from any of the foregoing 
(including device programming or simulation files), and any 
associated documentation or information are expressly subject 
to the terms and conditions of the Altera Program License 
Subscription Agreement, Altera MegaCore Function License 
Agreement, or other applicable license agreement, including, 
without limitation, that your use is for the sole purpose of 
programming logic devices manufactured by Altera and sold by 
Altera or its authorized distributors.  Please refer to the 
applicable agreement for further details.



+--------------------------------------------------------------------+
; Flow Summary                                                       ;
+-------------------------+------------------------------------------+
; Flow Status             ; Successful - Fri Sep  6 16:09:08 2019    ;
; Quartus II Version      ; 9.0 Build 132 02/25/2009 SJ Full Version ;
; Revision Name           ; codificador                              ;
; Top-level Entity Name   ; codificador                              ;
; Family                  ; ACEX1K                                   ;
; Device                  ; EP1K100QC208-3                           ;
; Timing Models           ; Final                                    ;
; Met timing requirements ; Yes                                      ;
; Total logic elements    ; 4 / 4,992 ( < 1 % )                      ;
; Total pins              ; 6 / 147 ( 4 % )                          ;
; Total memory bits       ; 0 / 49,152 ( 0 % )                       ;
; Total PLLs              ; 0                                        ;
+-------------------------+------------------------------------------+


+-----------------------------------------+
; Flow Settings                           ;
+-------------------+---------------------+
; Option            ; Setting             ;
+-------------------+---------------------+
; Start date & time ; 09/06/2019 16:08:32 ;
; Main task         ; Compilation         ;
; Revision Name     ; codificador         ;
+-------------------+---------------------+


+------------------------------------------------------------------------------------------------------------------+
; Flow Non-Default Global Settings                                                                                 ;
+------------------------------------+------------------------------+---------------+-------------+----------------+
; Assignment Name                    ; Value                        ; Default Value ; Entity Name ; Section Id     ;
+------------------------------------+------------------------------+---------------+-------------+----------------+
; COMPILER_SIGNATURE_ID              ; 105425944304.156779691203195 ; --            ; --          ; --             ;
; MAX_CORE_JUNCTION_TEMP             ; 85                           ; --            ; --          ; --             ;
; MIN_CORE_JUNCTION_TEMP             ; 0                            ; --            ; --          ; --             ;
; USE_GENERATED_PHYSICAL_CONSTRAINTS ; Off                          ; --            ; --          ; eda_blast_fpga ;
+------------------------------------+------------------------------+---------------+-------------+----------------+


+-----------------------------------------------------------------------------------------------------------------------------+
; Flow Elapsed Time                                                                                                           ;
+-------------------------+--------------+-------------------------+---------------------+------------------------------------+
; Module Name             ; Elapsed Time ; Average Processors Used ; Peak Virtual Memory ; Total CPU Time (on all processors) ;
+-------------------------+--------------+-------------------------+---------------------+------------------------------------+
; Analysis & Synthesis    ; 00:00:03     ; 1.0                     ; --                  ; 00:00:01                           ;
; Fitter                  ; 00:00:12     ; 1.0                     ; --                  ; 00:00:10                           ;
; Assembler               ; 00:00:12     ; 1.0                     ; --                  ; 00:00:11                           ;
; Classic Timing Analyzer ; 00:00:01     ; 1.0                     ; --                  ; 00:00:01                           ;
; Total                   ; 00:00:28     ; --                      ; --                  ; 00:00:23                           ;
+-------------------------+--------------+-------------------------+---------------------+------------------------------------+


+---------------------------------------------------------------------------------------------+
; Flow OS Summary                                                                             ;
+-------------------------+------------------+------------------+------------+----------------+
; Module Name             ; Machine Hostname ; OS Name          ; OS Version ; Processor type ;
+-------------------------+------------------+------------------+------------+----------------+
; Analysis & Synthesis    ; LEDS-25099       ; Debian GNU/Linux ; 7          ; i686           ;
; Fitter                  ; LEDS-25099       ; Debian GNU/Linux ; 7          ; i686           ;
; Assembler               ; LEDS-25099       ; Debian GNU/Linux ; 7          ; i686           ;
; Classic Timing Analyzer ; LEDS-25099       ; Debian GNU/Linux ; 7          ; i686           ;
+-------------------------+------------------+------------------+------------+----------------+


------------
; Flow Log ;
------------
quartus_map --read_settings_files=on --write_settings_files=off codificador -c codificador
quartus_fit --read_settings_files=off --write_settings_files=off codificador -c codificador
quartus_asm --read_settings_files=off --write_settings_files=off codificador -c codificador
quartus_tan --read_settings_files=off --write_settings_files=off codificador -c codificador



