Classic Timing Analyzer report for divisorDeFrequencia
Fri Sep 06 11:04:43 2019
Quartus II Version 9.0 Build 235 06/17/2009 Service Pack 2 SJ Web Edition


---------------------
; Table of Contents ;
---------------------
  1. Legal Notice
  2. Timing Analyzer Summary
  3. Timing Analyzer Settings
  4. Clock Settings Summary
  5. Parallel Compilation
  6. Clock Setup: 'Oscilador'
  7. tco
  8. Timing Analyzer Messages



----------------
; Legal Notice ;
----------------
Copyright (C) 1991-2009 Altera Corporation
Your use of Altera Corporation's design tools, logic functions 
and other software and tools, and its AMPP partner logic 
functions, and any output files from any of the foregoing 
(including device programming or simulation files), and any 
associated documentation or information are expressly subject 
to the terms and conditions of the Altera Program License 
Subscription Agreement, Altera MegaCore Function License 
Agreement, or other applicable license agreement, including, 
without limitation, that your use is for the sole purpose of 
programming logic devices manufactured by Altera and sold by 
Altera or its authorized distributors.  Please refer to the 
applicable agreement for further details.



+------------------------------------------------------------------------------------------------------------------------------------------------------------------------------+
; Timing Analyzer Summary                                                                                                                                                      ;
+------------------------------+-------+---------------+----------------------------------+----------------------+---------------------+------------+-----------+--------------+
; Type                         ; Slack ; Required Time ; Actual Time                      ; From                 ; To                  ; From Clock ; To Clock  ; Failed Paths ;
+------------------------------+-------+---------------+----------------------------------+----------------------+---------------------+------------+-----------+--------------+
; Worst-case tco               ; N/A   ; None          ; 12.300 ns                        ; contador:inst9|inst  ; CLKD                ; Oscilador  ; --        ; 0            ;
; Clock Setup: 'Oscilador'     ; N/A   ; None          ; 68.03 MHz ( period = 14.700 ns ) ; contador:inst2|inst5 ; contador:inst8|inst ; Oscilador  ; Oscilador ; 0            ;
; Total number of failed paths ;       ;               ;                                  ;                      ;                     ;            ;           ; 0            ;
+------------------------------+-------+---------------+----------------------------------+----------------------+---------------------+------------+-----------+--------------+


+--------------------------------------------------------------------------------------------------------------------+
; Timing Analyzer Settings                                                                                           ;
+---------------------------------------------------------------------+--------------------+------+----+-------------+
; Option                                                              ; Setting            ; From ; To ; Entity Name ;
+---------------------------------------------------------------------+--------------------+------+----+-------------+
; Device Name                                                         ; EP1K100QC208-3     ;      ;    ;             ;
; Timing Models                                                       ; Final              ;      ;    ;             ;
; Default hold multicycle                                             ; Same as Multicycle ;      ;    ;             ;
; Cut paths between unrelated clock domains                           ; On                 ;      ;    ;             ;
; Cut off read during write signal paths                              ; On                 ;      ;    ;             ;
; Cut off feedback from I/O pins                                      ; On                 ;      ;    ;             ;
; Report Combined Fast/Slow Timing                                    ; Off                ;      ;    ;             ;
; Ignore Clock Settings                                               ; Off                ;      ;    ;             ;
; Analyze latches as synchronous elements                             ; On                 ;      ;    ;             ;
; Enable Recovery/Removal analysis                                    ; Off                ;      ;    ;             ;
; Enable Clock Latency                                                ; Off                ;      ;    ;             ;
; Use TimeQuest Timing Analyzer                                       ; Off                ;      ;    ;             ;
; Minimum Core Junction Temperature                                   ; 0                  ;      ;    ;             ;
; Maximum Core Junction Temperature                                   ; 85                 ;      ;    ;             ;
; Number of source nodes to report per destination node               ; 10                 ;      ;    ;             ;
; Number of destination nodes to report                               ; 10                 ;      ;    ;             ;
; Number of paths to report                                           ; 200                ;      ;    ;             ;
; Report Minimum Timing Checks                                        ; Off                ;      ;    ;             ;
; Use Fast Timing Models                                              ; Off                ;      ;    ;             ;
; Report IO Paths Separately                                          ; Off                ;      ;    ;             ;
; Perform Multicorner Analysis                                        ; Off                ;      ;    ;             ;
; Reports the worst-case path for each clock domain and analysis      ; Off                ;      ;    ;             ;
; Removes common clock path pessimism (CCPP) during slack computation ; Off                ;      ;    ;             ;
; Output I/O Timing Endpoint                                          ; Near End           ;      ;    ;             ;
+---------------------------------------------------------------------+--------------------+------+----+-------------+


+------------------------------------------------------------------------------------------------------------------------------------------------------------------------------------+
; Clock Settings Summary                                                                                                                                                             ;
+-----------------+--------------------+----------+------------------+---------------+--------------+----------+-----------------------+---------------------+--------+--------------+
; Clock Node Name ; Clock Setting Name ; Type     ; Fmax Requirement ; Early Latency ; Late Latency ; Based on ; Multiply Base Fmax by ; Divide Base Fmax by ; Offset ; Phase offset ;
+-----------------+--------------------+----------+------------------+---------------+--------------+----------+-----------------------+---------------------+--------+--------------+
; Oscilador       ;                    ; User Pin ; None             ; 0.000 ns      ; 0.000 ns     ; --       ; N/A                   ; N/A                 ; N/A    ;              ;
+-----------------+--------------------+----------+------------------+---------------+--------------+----------+-----------------------+---------------------+--------+--------------+


Parallel compilation was disabled, but you have multiple processors available. Enable parallel compilation to reduce compilation time.
+-------------------------------------+
; Parallel Compilation                ;
+----------------------------+--------+
; Processors                 ; Number ;
+----------------------------+--------+
; Number detected on machine ; 2      ;
; Maximum allowed            ; 1      ;
+----------------------------+--------+


+-------------------------------------------------------------------------------------------------------------------------------------------------------------------------------------------------------------------+
; Clock Setup: 'Oscilador'                                                                                                                                                                                          ;
+-------+------------------------------------------------+----------------------+----------------------+------------+-----------+-----------------------------+---------------------------+-------------------------+
; Slack ; Actual fmax (period)                           ; From                 ; To                   ; From Clock ; To Clock  ; Required Setup Relationship ; Required Longest P2P Time ; Actual Longest P2P Time ;
+-------+------------------------------------------------+----------------------+----------------------+------------+-----------+-----------------------------+---------------------------+-------------------------+
; N/A   ; 68.03 MHz ( period = 14.700 ns )               ; contador:inst2|inst5 ; contador:inst9|inst  ; Oscilador  ; Oscilador ; None                        ; None                      ; 12.900 ns               ;
; N/A   ; 68.03 MHz ( period = 14.700 ns )               ; contador:inst2|inst5 ; contador:inst8|inst5 ; Oscilador  ; Oscilador ; None                        ; None                      ; 12.900 ns               ;
; N/A   ; 68.03 MHz ( period = 14.700 ns )               ; contador:inst2|inst5 ; contador:inst8|inst  ; Oscilador  ; Oscilador ; None                        ; None                      ; 12.900 ns               ;
; N/A   ; 68.97 MHz ( period = 14.500 ns )               ; contador:inst2|inst  ; contador:inst9|inst  ; Oscilador  ; Oscilador ; None                        ; None                      ; 12.700 ns               ;
; N/A   ; 68.97 MHz ( period = 14.500 ns )               ; contador:inst2|inst  ; contador:inst8|inst5 ; Oscilador  ; Oscilador ; None                        ; None                      ; 12.700 ns               ;
; N/A   ; 68.97 MHz ( period = 14.500 ns )               ; contador:inst2|inst  ; contador:inst8|inst  ; Oscilador  ; Oscilador ; None                        ; None                      ; 12.700 ns               ;
; N/A   ; 69.44 MHz ( period = 14.400 ns )               ; contador:inst|inst   ; contador:inst9|inst  ; Oscilador  ; Oscilador ; None                        ; None                      ; 12.600 ns               ;
; N/A   ; 69.44 MHz ( period = 14.400 ns )               ; contador:inst|inst   ; contador:inst8|inst5 ; Oscilador  ; Oscilador ; None                        ; None                      ; 12.600 ns               ;
; N/A   ; 69.44 MHz ( period = 14.400 ns )               ; contador:inst|inst   ; contador:inst8|inst  ; Oscilador  ; Oscilador ; None                        ; None                      ; 12.600 ns               ;
; N/A   ; 70.42 MHz ( period = 14.200 ns )               ; contador:inst|inst5  ; contador:inst9|inst  ; Oscilador  ; Oscilador ; None                        ; None                      ; 12.400 ns               ;
; N/A   ; 70.42 MHz ( period = 14.200 ns )               ; contador:inst|inst5  ; contador:inst8|inst5 ; Oscilador  ; Oscilador ; None                        ; None                      ; 12.400 ns               ;
; N/A   ; 70.42 MHz ( period = 14.200 ns )               ; contador:inst|inst5  ; contador:inst8|inst  ; Oscilador  ; Oscilador ; None                        ; None                      ; 12.400 ns               ;
; N/A   ; 77.52 MHz ( period = 12.900 ns )               ; contador:inst2|inst5 ; contador:inst7|inst  ; Oscilador  ; Oscilador ; None                        ; None                      ; 11.100 ns               ;
; N/A   ; 77.52 MHz ( period = 12.900 ns )               ; contador:inst2|inst5 ; contador:inst6|inst5 ; Oscilador  ; Oscilador ; None                        ; None                      ; 11.100 ns               ;
; N/A   ; 78.13 MHz ( period = 12.800 ns )               ; contador:inst2|inst5 ; contador:inst7|inst5 ; Oscilador  ; Oscilador ; None                        ; None                      ; 11.000 ns               ;
; N/A   ; 78.74 MHz ( period = 12.700 ns )               ; contador:inst2|inst  ; contador:inst7|inst  ; Oscilador  ; Oscilador ; None                        ; None                      ; 10.900 ns               ;
; N/A   ; 78.74 MHz ( period = 12.700 ns )               ; contador:inst2|inst  ; contador:inst6|inst5 ; Oscilador  ; Oscilador ; None                        ; None                      ; 10.900 ns               ;
; N/A   ; 79.37 MHz ( period = 12.600 ns )               ; contador:inst2|inst  ; contador:inst7|inst5 ; Oscilador  ; Oscilador ; None                        ; None                      ; 10.800 ns               ;
; N/A   ; 79.37 MHz ( period = 12.600 ns )               ; contador:inst|inst   ; contador:inst7|inst  ; Oscilador  ; Oscilador ; None                        ; None                      ; 10.800 ns               ;
; N/A   ; 79.37 MHz ( period = 12.600 ns )               ; contador:inst|inst   ; contador:inst6|inst5 ; Oscilador  ; Oscilador ; None                        ; None                      ; 10.800 ns               ;
; N/A   ; 80.00 MHz ( period = 12.500 ns )               ; contador:inst|inst   ; contador:inst7|inst5 ; Oscilador  ; Oscilador ; None                        ; None                      ; 10.700 ns               ;
; N/A   ; 80.65 MHz ( period = 12.400 ns )               ; contador:inst|inst5  ; contador:inst7|inst  ; Oscilador  ; Oscilador ; None                        ; None                      ; 10.600 ns               ;
; N/A   ; 80.65 MHz ( period = 12.400 ns )               ; contador:inst|inst5  ; contador:inst6|inst5 ; Oscilador  ; Oscilador ; None                        ; None                      ; 10.600 ns               ;
; N/A   ; 81.30 MHz ( period = 12.300 ns )               ; contador:inst|inst5  ; contador:inst7|inst5 ; Oscilador  ; Oscilador ; None                        ; None                      ; 10.500 ns               ;
; N/A   ; 83.33 MHz ( period = 12.000 ns )               ; contador:inst4|inst  ; contador:inst9|inst  ; Oscilador  ; Oscilador ; None                        ; None                      ; 10.200 ns               ;
; N/A   ; 83.33 MHz ( period = 12.000 ns )               ; contador:inst4|inst  ; contador:inst8|inst5 ; Oscilador  ; Oscilador ; None                        ; None                      ; 10.200 ns               ;
; N/A   ; 83.33 MHz ( period = 12.000 ns )               ; contador:inst4|inst  ; contador:inst8|inst  ; Oscilador  ; Oscilador ; None                        ; None                      ; 10.200 ns               ;
; N/A   ; 84.75 MHz ( period = 11.800 ns )               ; contador:inst3|inst5 ; contador:inst9|inst  ; Oscilador  ; Oscilador ; None                        ; None                      ; 10.000 ns               ;
; N/A   ; 84.75 MHz ( period = 11.800 ns )               ; contador:inst3|inst5 ; contador:inst8|inst5 ; Oscilador  ; Oscilador ; None                        ; None                      ; 10.000 ns               ;
; N/A   ; 84.75 MHz ( period = 11.800 ns )               ; contador:inst3|inst5 ; contador:inst8|inst  ; Oscilador  ; Oscilador ; None                        ; None                      ; 10.000 ns               ;
; N/A   ; 85.47 MHz ( period = 11.700 ns )               ; contador:inst3|inst  ; contador:inst9|inst  ; Oscilador  ; Oscilador ; None                        ; None                      ; 9.900 ns                ;
; N/A   ; 85.47 MHz ( period = 11.700 ns )               ; contador:inst3|inst  ; contador:inst8|inst5 ; Oscilador  ; Oscilador ; None                        ; None                      ; 9.900 ns                ;
; N/A   ; 85.47 MHz ( period = 11.700 ns )               ; contador:inst3|inst  ; contador:inst8|inst  ; Oscilador  ; Oscilador ; None                        ; None                      ; 9.900 ns                ;
; N/A   ; 90.91 MHz ( period = 11.000 ns )               ; contador:inst2|inst5 ; contador:inst6|inst  ; Oscilador  ; Oscilador ; None                        ; None                      ; 9.200 ns                ;
; N/A   ; 92.59 MHz ( period = 10.800 ns )               ; contador:inst2|inst  ; contador:inst6|inst  ; Oscilador  ; Oscilador ; None                        ; None                      ; 9.000 ns                ;
; N/A   ; 93.46 MHz ( period = 10.700 ns )               ; contador:inst|inst   ; contador:inst6|inst  ; Oscilador  ; Oscilador ; None                        ; None                      ; 8.900 ns                ;
; N/A   ; 95.24 MHz ( period = 10.500 ns )               ; contador:inst|inst5  ; contador:inst6|inst  ; Oscilador  ; Oscilador ; None                        ; None                      ; 8.700 ns                ;
; N/A   ; 98.04 MHz ( period = 10.200 ns )               ; contador:inst4|inst  ; contador:inst7|inst  ; Oscilador  ; Oscilador ; None                        ; None                      ; 8.400 ns                ;
; N/A   ; 98.04 MHz ( period = 10.200 ns )               ; contador:inst4|inst  ; contador:inst6|inst5 ; Oscilador  ; Oscilador ; None                        ; None                      ; 8.400 ns                ;
; N/A   ; 99.01 MHz ( period = 10.100 ns )               ; contador:inst4|inst  ; contador:inst7|inst5 ; Oscilador  ; Oscilador ; None                        ; None                      ; 8.300 ns                ;
; N/A   ; 99.01 MHz ( period = 10.100 ns )               ; contador:inst2|inst5 ; contador:inst5|inst5 ; Oscilador  ; Oscilador ; None                        ; None                      ; 8.300 ns                ;
; N/A   ; 99.01 MHz ( period = 10.100 ns )               ; contador:inst2|inst5 ; contador:inst5|inst  ; Oscilador  ; Oscilador ; None                        ; None                      ; 8.300 ns                ;
; N/A   ; 100.00 MHz ( period = 10.000 ns )              ; contador:inst3|inst5 ; contador:inst7|inst  ; Oscilador  ; Oscilador ; None                        ; None                      ; 8.200 ns                ;
; N/A   ; 100.00 MHz ( period = 10.000 ns )              ; contador:inst3|inst5 ; contador:inst6|inst5 ; Oscilador  ; Oscilador ; None                        ; None                      ; 8.200 ns                ;
; N/A   ; 101.01 MHz ( period = 9.900 ns )               ; contador:inst3|inst5 ; contador:inst7|inst5 ; Oscilador  ; Oscilador ; None                        ; None                      ; 8.100 ns                ;
; N/A   ; 101.01 MHz ( period = 9.900 ns )               ; contador:inst3|inst  ; contador:inst7|inst  ; Oscilador  ; Oscilador ; None                        ; None                      ; 8.100 ns                ;
; N/A   ; 101.01 MHz ( period = 9.900 ns )               ; contador:inst3|inst  ; contador:inst6|inst5 ; Oscilador  ; Oscilador ; None                        ; None                      ; 8.100 ns                ;
; N/A   ; 101.01 MHz ( period = 9.900 ns )               ; contador:inst2|inst  ; contador:inst5|inst5 ; Oscilador  ; Oscilador ; None                        ; None                      ; 8.100 ns                ;
; N/A   ; 101.01 MHz ( period = 9.900 ns )               ; contador:inst2|inst  ; contador:inst5|inst  ; Oscilador  ; Oscilador ; None                        ; None                      ; 8.100 ns                ;
; N/A   ; 102.04 MHz ( period = 9.800 ns )               ; contador:inst3|inst  ; contador:inst7|inst5 ; Oscilador  ; Oscilador ; None                        ; None                      ; 8.000 ns                ;
; N/A   ; 102.04 MHz ( period = 9.800 ns )               ; contador:inst|inst   ; contador:inst5|inst5 ; Oscilador  ; Oscilador ; None                        ; None                      ; 8.000 ns                ;
; N/A   ; 102.04 MHz ( period = 9.800 ns )               ; contador:inst|inst   ; contador:inst5|inst  ; Oscilador  ; Oscilador ; None                        ; None                      ; 8.000 ns                ;
; N/A   ; 104.17 MHz ( period = 9.600 ns )               ; contador:inst|inst5  ; contador:inst5|inst5 ; Oscilador  ; Oscilador ; None                        ; None                      ; 7.800 ns                ;
; N/A   ; 104.17 MHz ( period = 9.600 ns )               ; contador:inst|inst5  ; contador:inst5|inst  ; Oscilador  ; Oscilador ; None                        ; None                      ; 7.800 ns                ;
; N/A   ; 107.53 MHz ( period = 9.300 ns )               ; contador:inst5|inst5 ; contador:inst9|inst  ; Oscilador  ; Oscilador ; None                        ; None                      ; 7.500 ns                ;
; N/A   ; 107.53 MHz ( period = 9.300 ns )               ; contador:inst5|inst5 ; contador:inst8|inst5 ; Oscilador  ; Oscilador ; None                        ; None                      ; 7.500 ns                ;
; N/A   ; 107.53 MHz ( period = 9.300 ns )               ; contador:inst5|inst5 ; contador:inst8|inst  ; Oscilador  ; Oscilador ; None                        ; None                      ; 7.500 ns                ;
; N/A   ; 109.89 MHz ( period = 9.100 ns )               ; contador:inst5|inst  ; contador:inst9|inst  ; Oscilador  ; Oscilador ; None                        ; None                      ; 7.300 ns                ;
; N/A   ; 109.89 MHz ( period = 9.100 ns )               ; contador:inst5|inst  ; contador:inst8|inst5 ; Oscilador  ; Oscilador ; None                        ; None                      ; 7.300 ns                ;
; N/A   ; 109.89 MHz ( period = 9.100 ns )               ; contador:inst5|inst  ; contador:inst8|inst  ; Oscilador  ; Oscilador ; None                        ; None                      ; 7.300 ns                ;
; N/A   ; 111.11 MHz ( period = 9.000 ns )               ; contador:inst4|inst5 ; contador:inst9|inst  ; Oscilador  ; Oscilador ; None                        ; None                      ; 7.200 ns                ;
; N/A   ; 111.11 MHz ( period = 9.000 ns )               ; contador:inst4|inst5 ; contador:inst8|inst5 ; Oscilador  ; Oscilador ; None                        ; None                      ; 7.200 ns                ;
; N/A   ; 111.11 MHz ( period = 9.000 ns )               ; contador:inst4|inst5 ; contador:inst8|inst  ; Oscilador  ; Oscilador ; None                        ; None                      ; 7.200 ns                ;
; N/A   ; 120.48 MHz ( period = 8.300 ns )               ; contador:inst4|inst  ; contador:inst6|inst  ; Oscilador  ; Oscilador ; None                        ; None                      ; 6.500 ns                ;
; N/A   ; 121.95 MHz ( period = 8.200 ns )               ; contador:inst2|inst5 ; contador:inst4|inst5 ; Oscilador  ; Oscilador ; None                        ; None                      ; 6.400 ns                ;
; N/A   ; 123.46 MHz ( period = 8.100 ns )               ; contador:inst3|inst5 ; contador:inst6|inst  ; Oscilador  ; Oscilador ; None                        ; None                      ; 6.300 ns                ;
; N/A   ; 125.00 MHz ( period = 8.000 ns )               ; contador:inst3|inst  ; contador:inst6|inst  ; Oscilador  ; Oscilador ; None                        ; None                      ; 6.200 ns                ;
; N/A   ; 125.00 MHz ( period = 8.000 ns )               ; contador:inst2|inst  ; contador:inst4|inst5 ; Oscilador  ; Oscilador ; None                        ; None                      ; 6.200 ns                ;
; N/A   ; 126.58 MHz ( period = 7.900 ns )               ; contador:inst|inst   ; contador:inst4|inst5 ; Oscilador  ; Oscilador ; None                        ; None                      ; 6.100 ns                ;
; N/A   ; 129.87 MHz ( period = 7.700 ns )               ; contador:inst|inst5  ; contador:inst4|inst5 ; Oscilador  ; Oscilador ; None                        ; None                      ; 5.900 ns                ;
; N/A   ; 133.33 MHz ( period = 7.500 ns )               ; contador:inst7|inst  ; contador:inst9|inst  ; Oscilador  ; Oscilador ; None                        ; None                      ; 5.700 ns                ;
; N/A   ; 133.33 MHz ( period = 7.500 ns )               ; contador:inst7|inst  ; contador:inst8|inst5 ; Oscilador  ; Oscilador ; None                        ; None                      ; 5.700 ns                ;
; N/A   ; 133.33 MHz ( period = 7.500 ns )               ; contador:inst7|inst  ; contador:inst8|inst  ; Oscilador  ; Oscilador ; None                        ; None                      ; 5.700 ns                ;
; N/A   ; 133.33 MHz ( period = 7.500 ns )               ; contador:inst5|inst5 ; contador:inst7|inst  ; Oscilador  ; Oscilador ; None                        ; None                      ; 5.700 ns                ;
; N/A   ; 133.33 MHz ( period = 7.500 ns )               ; contador:inst5|inst5 ; contador:inst6|inst5 ; Oscilador  ; Oscilador ; None                        ; None                      ; 5.700 ns                ;
; N/A   ; 135.14 MHz ( period = 7.400 ns )               ; contador:inst5|inst5 ; contador:inst7|inst5 ; Oscilador  ; Oscilador ; None                        ; None                      ; 5.600 ns                ;
; N/A   ; 135.14 MHz ( period = 7.400 ns )               ; contador:inst4|inst  ; contador:inst5|inst5 ; Oscilador  ; Oscilador ; None                        ; None                      ; 5.600 ns                ;
; N/A   ; 135.14 MHz ( period = 7.400 ns )               ; contador:inst4|inst  ; contador:inst5|inst  ; Oscilador  ; Oscilador ; None                        ; None                      ; 5.600 ns                ;
; N/A   ; 135.14 MHz ( period = 7.400 ns )               ; contador:inst2|inst5 ; contador:inst4|inst  ; Oscilador  ; Oscilador ; None                        ; None                      ; 5.600 ns                ;
; N/A   ; 135.14 MHz ( period = 7.400 ns )               ; contador:inst2|inst5 ; contador:inst3|inst5 ; Oscilador  ; Oscilador ; None                        ; None                      ; 5.600 ns                ;
; N/A   ; 136.99 MHz ( period = 7.300 ns )               ; contador:inst6|inst5 ; contador:inst9|inst  ; Oscilador  ; Oscilador ; None                        ; None                      ; 5.500 ns                ;
; N/A   ; 136.99 MHz ( period = 7.300 ns )               ; contador:inst6|inst5 ; contador:inst8|inst5 ; Oscilador  ; Oscilador ; None                        ; None                      ; 5.500 ns                ;
; N/A   ; 136.99 MHz ( period = 7.300 ns )               ; contador:inst6|inst5 ; contador:inst8|inst  ; Oscilador  ; Oscilador ; None                        ; None                      ; 5.500 ns                ;
; N/A   ; 136.99 MHz ( period = 7.300 ns )               ; contador:inst5|inst  ; contador:inst7|inst  ; Oscilador  ; Oscilador ; None                        ; None                      ; 5.500 ns                ;
; N/A   ; 136.99 MHz ( period = 7.300 ns )               ; contador:inst5|inst  ; contador:inst6|inst5 ; Oscilador  ; Oscilador ; None                        ; None                      ; 5.500 ns                ;
; N/A   ; 138.89 MHz ( period = 7.200 ns )               ; contador:inst6|inst  ; contador:inst9|inst  ; Oscilador  ; Oscilador ; None                        ; None                      ; 5.400 ns                ;
; N/A   ; 138.89 MHz ( period = 7.200 ns )               ; contador:inst6|inst  ; contador:inst8|inst5 ; Oscilador  ; Oscilador ; None                        ; None                      ; 5.400 ns                ;
; N/A   ; 138.89 MHz ( period = 7.200 ns )               ; contador:inst6|inst  ; contador:inst8|inst  ; Oscilador  ; Oscilador ; None                        ; None                      ; 5.400 ns                ;
; N/A   ; 138.89 MHz ( period = 7.200 ns )               ; contador:inst5|inst  ; contador:inst7|inst5 ; Oscilador  ; Oscilador ; None                        ; None                      ; 5.400 ns                ;
; N/A   ; 138.89 MHz ( period = 7.200 ns )               ; contador:inst4|inst5 ; contador:inst7|inst  ; Oscilador  ; Oscilador ; None                        ; None                      ; 5.400 ns                ;
; N/A   ; 138.89 MHz ( period = 7.200 ns )               ; contador:inst4|inst5 ; contador:inst6|inst5 ; Oscilador  ; Oscilador ; None                        ; None                      ; 5.400 ns                ;
; N/A   ; 138.89 MHz ( period = 7.200 ns )               ; contador:inst3|inst5 ; contador:inst5|inst5 ; Oscilador  ; Oscilador ; None                        ; None                      ; 5.400 ns                ;
; N/A   ; 138.89 MHz ( period = 7.200 ns )               ; contador:inst3|inst5 ; contador:inst5|inst  ; Oscilador  ; Oscilador ; None                        ; None                      ; 5.400 ns                ;
; N/A   ; 138.89 MHz ( period = 7.200 ns )               ; contador:inst2|inst  ; contador:inst4|inst  ; Oscilador  ; Oscilador ; None                        ; None                      ; 5.400 ns                ;
; N/A   ; 138.89 MHz ( period = 7.200 ns )               ; contador:inst2|inst  ; contador:inst3|inst5 ; Oscilador  ; Oscilador ; None                        ; None                      ; 5.400 ns                ;
; N/A   ; 140.85 MHz ( period = 7.100 ns )               ; contador:inst4|inst5 ; contador:inst7|inst5 ; Oscilador  ; Oscilador ; None                        ; None                      ; 5.300 ns                ;
; N/A   ; 140.85 MHz ( period = 7.100 ns )               ; contador:inst3|inst  ; contador:inst5|inst5 ; Oscilador  ; Oscilador ; None                        ; None                      ; 5.300 ns                ;
; N/A   ; 140.85 MHz ( period = 7.100 ns )               ; contador:inst3|inst  ; contador:inst5|inst  ; Oscilador  ; Oscilador ; None                        ; None                      ; 5.300 ns                ;
; N/A   ; 140.85 MHz ( period = 7.100 ns )               ; contador:inst|inst   ; contador:inst4|inst  ; Oscilador  ; Oscilador ; None                        ; None                      ; 5.300 ns                ;
; N/A   ; 140.85 MHz ( period = 7.100 ns )               ; contador:inst|inst   ; contador:inst3|inst5 ; Oscilador  ; Oscilador ; None                        ; None                      ; 5.300 ns                ;
; N/A   ; 144.93 MHz ( period = 6.900 ns )               ; contador:inst|inst5  ; contador:inst4|inst  ; Oscilador  ; Oscilador ; None                        ; None                      ; 5.100 ns                ;
; N/A   ; 144.93 MHz ( period = 6.900 ns )               ; contador:inst|inst5  ; contador:inst3|inst5 ; Oscilador  ; Oscilador ; None                        ; None                      ; 5.100 ns                ;
; N/A   ; 178.57 MHz ( period = 5.600 ns )               ; contador:inst7|inst  ; contador:inst7|inst5 ; Oscilador  ; Oscilador ; None                        ; None                      ; 3.800 ns                ;
; N/A   ; 178.57 MHz ( period = 5.600 ns )               ; contador:inst5|inst5 ; contador:inst6|inst  ; Oscilador  ; Oscilador ; None                        ; None                      ; 3.800 ns                ;
; N/A   ; 181.82 MHz ( period = 5.500 ns )               ; contador:inst4|inst  ; contador:inst4|inst5 ; Oscilador  ; Oscilador ; None                        ; None                      ; 3.700 ns                ;
; N/A   ; 181.82 MHz ( period = 5.500 ns )               ; contador:inst2|inst5 ; contador:inst3|inst  ; Oscilador  ; Oscilador ; None                        ; None                      ; 3.700 ns                ;
; N/A   ; 185.19 MHz ( period = 5.400 ns )               ; contador:inst6|inst5 ; contador:inst7|inst5 ; Oscilador  ; Oscilador ; None                        ; None                      ; 3.600 ns                ;
; N/A   ; 185.19 MHz ( period = 5.400 ns )               ; contador:inst5|inst  ; contador:inst6|inst  ; Oscilador  ; Oscilador ; None                        ; None                      ; 3.600 ns                ;
; N/A   ; 188.68 MHz ( period = 5.300 ns )               ; contador:inst6|inst  ; contador:inst7|inst5 ; Oscilador  ; Oscilador ; None                        ; None                      ; 3.500 ns                ;
; N/A   ; 188.68 MHz ( period = 5.300 ns )               ; contador:inst4|inst5 ; contador:inst6|inst  ; Oscilador  ; Oscilador ; None                        ; None                      ; 3.500 ns                ;
; N/A   ; 188.68 MHz ( period = 5.300 ns )               ; contador:inst3|inst5 ; contador:inst4|inst5 ; Oscilador  ; Oscilador ; None                        ; None                      ; 3.500 ns                ;
; N/A   ; 188.68 MHz ( period = 5.300 ns )               ; contador:inst2|inst  ; contador:inst3|inst  ; Oscilador  ; Oscilador ; None                        ; None                      ; 3.500 ns                ;
; N/A   ; 192.31 MHz ( period = 5.200 ns )               ; contador:inst3|inst  ; contador:inst4|inst5 ; Oscilador  ; Oscilador ; None                        ; None                      ; 3.400 ns                ;
; N/A   ; 192.31 MHz ( period = 5.200 ns )               ; contador:inst|inst   ; contador:inst3|inst  ; Oscilador  ; Oscilador ; None                        ; None                      ; 3.400 ns                ;
; N/A   ; 200.00 MHz ( period = 5.000 ns )               ; contador:inst|inst5  ; contador:inst3|inst  ; Oscilador  ; Oscilador ; None                        ; None                      ; 3.200 ns                ;
; N/A   ; Restricted to 200.00 MHz ( period = 5.000 ns ) ; contador:inst8|inst5 ; contador:inst9|inst  ; Oscilador  ; Oscilador ; None                        ; None                      ; 2.900 ns                ;
; N/A   ; Restricted to 200.00 MHz ( period = 5.000 ns ) ; contador:inst8|inst  ; contador:inst9|inst  ; Oscilador  ; Oscilador ; None                        ; None                      ; 2.700 ns                ;
; N/A   ; Restricted to 200.00 MHz ( period = 5.000 ns ) ; contador:inst8|inst  ; contador:inst8|inst5 ; Oscilador  ; Oscilador ; None                        ; None                      ; 2.700 ns                ;
; N/A   ; Restricted to 200.00 MHz ( period = 5.000 ns ) ; contador:inst6|inst5 ; contador:inst7|inst  ; Oscilador  ; Oscilador ; None                        ; None                      ; 2.700 ns                ;
; N/A   ; Restricted to 200.00 MHz ( period = 5.000 ns ) ; contador:inst5|inst  ; contador:inst5|inst5 ; Oscilador  ; Oscilador ; None                        ; None                      ; 2.700 ns                ;
; N/A   ; Restricted to 200.00 MHz ( period = 5.000 ns ) ; contador:inst3|inst5 ; contador:inst4|inst  ; Oscilador  ; Oscilador ; None                        ; None                      ; 2.700 ns                ;
; N/A   ; Restricted to 200.00 MHz ( period = 5.000 ns ) ; contador:inst2|inst  ; contador:inst2|inst5 ; Oscilador  ; Oscilador ; None                        ; None                      ; 2.700 ns                ;
; N/A   ; Restricted to 200.00 MHz ( period = 5.000 ns ) ; contador:inst7|inst5 ; contador:inst9|inst  ; Oscilador  ; Oscilador ; None                        ; None                      ; 2.600 ns                ;
; N/A   ; Restricted to 200.00 MHz ( period = 5.000 ns ) ; contador:inst7|inst5 ; contador:inst8|inst5 ; Oscilador  ; Oscilador ; None                        ; None                      ; 2.600 ns                ;
; N/A   ; Restricted to 200.00 MHz ( period = 5.000 ns ) ; contador:inst7|inst5 ; contador:inst8|inst  ; Oscilador  ; Oscilador ; None                        ; None                      ; 2.600 ns                ;
; N/A   ; Restricted to 200.00 MHz ( period = 5.000 ns ) ; contador:inst6|inst  ; contador:inst7|inst  ; Oscilador  ; Oscilador ; None                        ; None                      ; 2.600 ns                ;
; N/A   ; Restricted to 200.00 MHz ( period = 5.000 ns ) ; contador:inst6|inst  ; contador:inst6|inst5 ; Oscilador  ; Oscilador ; None                        ; None                      ; 2.600 ns                ;
; N/A   ; Restricted to 200.00 MHz ( period = 5.000 ns ) ; contador:inst4|inst5 ; contador:inst5|inst5 ; Oscilador  ; Oscilador ; None                        ; None                      ; 2.600 ns                ;
; N/A   ; Restricted to 200.00 MHz ( period = 5.000 ns ) ; contador:inst4|inst5 ; contador:inst5|inst  ; Oscilador  ; Oscilador ; None                        ; None                      ; 2.600 ns                ;
; N/A   ; Restricted to 200.00 MHz ( period = 5.000 ns ) ; contador:inst3|inst  ; contador:inst4|inst  ; Oscilador  ; Oscilador ; None                        ; None                      ; 2.600 ns                ;
; N/A   ; Restricted to 200.00 MHz ( period = 5.000 ns ) ; contador:inst3|inst  ; contador:inst3|inst5 ; Oscilador  ; Oscilador ; None                        ; None                      ; 2.600 ns                ;
; N/A   ; Restricted to 200.00 MHz ( period = 5.000 ns ) ; contador:inst|inst   ; contador:inst2|inst5 ; Oscilador  ; Oscilador ; None                        ; None                      ; 2.600 ns                ;
; N/A   ; Restricted to 200.00 MHz ( period = 5.000 ns ) ; contador:inst|inst   ; contador:inst2|inst  ; Oscilador  ; Oscilador ; None                        ; None                      ; 2.600 ns                ;
; N/A   ; Restricted to 200.00 MHz ( period = 5.000 ns ) ; contador:inst|inst5  ; contador:inst2|inst5 ; Oscilador  ; Oscilador ; None                        ; None                      ; 2.400 ns                ;
; N/A   ; Restricted to 200.00 MHz ( period = 5.000 ns ) ; contador:inst|inst5  ; contador:inst2|inst  ; Oscilador  ; Oscilador ; None                        ; None                      ; 2.400 ns                ;
; N/A   ; Restricted to 200.00 MHz ( period = 5.000 ns ) ; contador:inst9|inst  ; contador:inst9|inst  ; Oscilador  ; Oscilador ; None                        ; None                      ; 1.200 ns                ;
; N/A   ; Restricted to 200.00 MHz ( period = 5.000 ns ) ; contador:inst8|inst5 ; contador:inst8|inst5 ; Oscilador  ; Oscilador ; None                        ; None                      ; 1.200 ns                ;
; N/A   ; Restricted to 200.00 MHz ( period = 5.000 ns ) ; contador:inst8|inst  ; contador:inst8|inst  ; Oscilador  ; Oscilador ; None                        ; None                      ; 1.200 ns                ;
; N/A   ; Restricted to 200.00 MHz ( period = 5.000 ns ) ; contador:inst7|inst5 ; contador:inst7|inst5 ; Oscilador  ; Oscilador ; None                        ; None                      ; 1.200 ns                ;
; N/A   ; Restricted to 200.00 MHz ( period = 5.000 ns ) ; contador:inst7|inst  ; contador:inst7|inst  ; Oscilador  ; Oscilador ; None                        ; None                      ; 1.200 ns                ;
; N/A   ; Restricted to 200.00 MHz ( period = 5.000 ns ) ; contador:inst6|inst5 ; contador:inst6|inst5 ; Oscilador  ; Oscilador ; None                        ; None                      ; 1.200 ns                ;
; N/A   ; Restricted to 200.00 MHz ( period = 5.000 ns ) ; contador:inst6|inst  ; contador:inst6|inst  ; Oscilador  ; Oscilador ; None                        ; None                      ; 1.200 ns                ;
; N/A   ; Restricted to 200.00 MHz ( period = 5.000 ns ) ; contador:inst5|inst5 ; contador:inst5|inst5 ; Oscilador  ; Oscilador ; None                        ; None                      ; 1.200 ns                ;
; N/A   ; Restricted to 200.00 MHz ( period = 5.000 ns ) ; contador:inst5|inst  ; contador:inst5|inst  ; Oscilador  ; Oscilador ; None                        ; None                      ; 1.200 ns                ;
; N/A   ; Restricted to 200.00 MHz ( period = 5.000 ns ) ; contador:inst4|inst5 ; contador:inst4|inst5 ; Oscilador  ; Oscilador ; None                        ; None                      ; 1.200 ns                ;
; N/A   ; Restricted to 200.00 MHz ( period = 5.000 ns ) ; contador:inst4|inst  ; contador:inst4|inst  ; Oscilador  ; Oscilador ; None                        ; None                      ; 1.200 ns                ;
; N/A   ; Restricted to 200.00 MHz ( period = 5.000 ns ) ; contador:inst3|inst5 ; contador:inst3|inst5 ; Oscilador  ; Oscilador ; None                        ; None                      ; 1.200 ns                ;
; N/A   ; Restricted to 200.00 MHz ( period = 5.000 ns ) ; contador:inst3|inst  ; contador:inst3|inst  ; Oscilador  ; Oscilador ; None                        ; None                      ; 1.200 ns                ;
; N/A   ; Restricted to 200.00 MHz ( period = 5.000 ns ) ; contador:inst2|inst5 ; contador:inst2|inst5 ; Oscilador  ; Oscilador ; None                        ; None                      ; 1.200 ns                ;
; N/A   ; Restricted to 200.00 MHz ( period = 5.000 ns ) ; contador:inst2|inst  ; contador:inst2|inst  ; Oscilador  ; Oscilador ; None                        ; None                      ; 1.200 ns                ;
; N/A   ; Restricted to 200.00 MHz ( period = 5.000 ns ) ; contador:inst|inst   ; contador:inst|inst   ; Oscilador  ; Oscilador ; None                        ; None                      ; 1.200 ns                ;
; N/A   ; Restricted to 200.00 MHz ( period = 5.000 ns ) ; contador:inst|inst5  ; contador:inst|inst5  ; Oscilador  ; Oscilador ; None                        ; None                      ; 1.200 ns                ;
; N/A   ; Restricted to 200.00 MHz ( period = 5.000 ns ) ; contador:inst|inst   ; contador:inst|inst5  ; Oscilador  ; Oscilador ; None                        ; None                      ; 0.500 ns                ;
+-------+------------------------------------------------+----------------------+----------------------+------------+-----------+-----------------------------+---------------------------+-------------------------+


+-----------------------------------------------------------------------------+
; tco                                                                         ;
+-------+--------------+------------+---------------------+------+------------+
; Slack ; Required tco ; Actual tco ; From                ; To   ; From Clock ;
+-------+--------------+------------+---------------------+------+------------+
; N/A   ; None         ; 12.300 ns  ; contador:inst9|inst ; CLKD ; Oscilador  ;
+-------+--------------+------------+---------------------+------+------------+


+--------------------------+
; Timing Analyzer Messages ;
+--------------------------+
Info: *******************************************************************
Info: Running Quartus II Classic Timing Analyzer
    Info: Version 9.0 Build 235 06/17/2009 Service Pack 2 SJ Web Edition
    Info: Processing started: Fri Sep 06 11:04:42 2019
Info: Command: quartus_tan --read_settings_files=off --write_settings_files=off divisorDeFrequencia -c divisorDeFrequencia
Info: Started post-fitting delay annotation
Info: Delay annotation completed successfully
Warning: Found pins functioning as undefined clocks and/or memory enables
    Info: Assuming node "Oscilador" is an undefined clock
Info: Clock "Oscilador" has Internal fmax of 68.03 MHz between source register "contador:inst2|inst5" and destination register "contador:inst9|inst" (period= 14.7 ns)
    Info: + Longest register to register delay is 12.900 ns
        Info: 1: + IC(0.000 ns) + CELL(0.000 ns) = 0.000 ns; Loc. = LC2_B43; Fanout = 2; REG Node = 'contador:inst2|inst5'
        Info: 2: + IC(0.200 ns) + CELL(2.200 ns) = 2.400 ns; Loc. = LC1_B43; Fanout = 4; COMB Node = 'contador:inst2|inst7'
        Info: 3: + IC(1.000 ns) + CELL(1.700 ns) = 5.100 ns; Loc. = LC1_B44; Fanout = 4; COMB Node = 'contador:inst4|inst4~0'
        Info: 4: + IC(1.000 ns) + CELL(1.700 ns) = 7.800 ns; Loc. = LC1_B46; Fanout = 4; COMB Node = 'contador:inst5|inst7'
        Info: 5: + IC(1.000 ns) + CELL(1.700 ns) = 10.500 ns; Loc. = LC5_B47; Fanout = 4; COMB Node = 'contador:inst7|inst4~0'
        Info: 6: + IC(0.200 ns) + CELL(1.700 ns) = 12.400 ns; Loc. = LC6_B47; Fanout = 1; COMB Node = 'contador:inst8|inst7'
        Info: 7: + IC(0.200 ns) + CELL(0.300 ns) = 12.900 ns; Loc. = LC1_B47; Fanout = 2; REG Node = 'contador:inst9|inst'
        Info: Total cell delay = 9.300 ns ( 72.09 % )
        Info: Total interconnect delay = 3.600 ns ( 27.91 % )
    Info: - Smallest clock skew is 0.000 ns
        Info: + Shortest clock path from clock "Oscilador" to destination register is 1.900 ns
            Info: 1: + IC(0.000 ns) + CELL(0.500 ns) = 0.500 ns; Loc. = PIN_79; Fanout = 17; CLK Node = 'Oscilador'
            Info: 2: + IC(1.400 ns) + CELL(0.000 ns) = 1.900 ns; Loc. = LC1_B47; Fanout = 2; REG Node = 'contador:inst9|inst'
            Info: Total cell delay = 0.500 ns ( 26.32 % )
            Info: Total interconnect delay = 1.400 ns ( 73.68 % )
        Info: - Longest clock path from clock "Oscilador" to source register is 1.900 ns
            Info: 1: + IC(0.000 ns) + CELL(0.500 ns) = 0.500 ns; Loc. = PIN_79; Fanout = 17; CLK Node = 'Oscilador'
            Info: 2: + IC(1.400 ns) + CELL(0.000 ns) = 1.900 ns; Loc. = LC2_B43; Fanout = 2; REG Node = 'contador:inst2|inst5'
            Info: Total cell delay = 0.500 ns ( 26.32 % )
            Info: Total interconnect delay = 1.400 ns ( 73.68 % )
    Info: + Micro clock to output delay of source is 1.100 ns
    Info: + Micro setup delay of destination is 0.700 ns
Info: tco from clock "Oscilador" to destination pin "CLKD" through register "contador:inst9|inst" is 12.300 ns
    Info: + Longest clock path from clock "Oscilador" to source register is 1.900 ns
        Info: 1: + IC(0.000 ns) + CELL(0.500 ns) = 0.500 ns; Loc. = PIN_79; Fanout = 17; CLK Node = 'Oscilador'
        Info: 2: + IC(1.400 ns) + CELL(0.000 ns) = 1.900 ns; Loc. = LC1_B47; Fanout = 2; REG Node = 'contador:inst9|inst'
        Info: Total cell delay = 0.500 ns ( 26.32 % )
        Info: Total interconnect delay = 1.400 ns ( 73.68 % )
    Info: + Micro clock to output delay of source is 1.100 ns
    Info: + Longest register to pin delay is 9.300 ns
        Info: 1: + IC(0.000 ns) + CELL(0.000 ns) = 0.000 ns; Loc. = LC1_B47; Fanout = 2; REG Node = 'contador:inst9|inst'
        Info: 2: + IC(0.700 ns) + CELL(8.600 ns) = 9.300 ns; Loc. = PIN_11; Fanout = 0; PIN Node = 'CLKD'
        Info: Total cell delay = 8.600 ns ( 92.47 % )
        Info: Total interconnect delay = 0.700 ns ( 7.53 % )
Info: Quartus II Classic Timing Analyzer was successful. 0 errors, 1 warning
    Info: Peak virtual memory: 178 megabytes
    Info: Processing ended: Fri Sep 06 11:04:43 2019
    Info: Elapsed time: 00:00:01
    Info: Total CPU time (on all processors): 00:00:00


