Fitter report for figura1
Fri Sep 06 11:17:41 2019
Quartus II Version 9.0 Build 235 06/17/2009 Service Pack 2 SJ Web Edition


---------------------
; Table of Contents ;
---------------------
  1. Legal Notice
  2. Fitter Summary
  3. Fitter Settings
  4. Parallel Compilation
  5. Fitter Device Options
  6. Input Pins
  7. All Package Pins
  8. Row Interconnect
  9. LAB Column Interconnect
 10. LAB Column Interconnect
 11. Fitter Resource Usage Summary
 12. Fitter Resource Utilization by Entity
 13. Delay Chain Summary
 14. Pin-Out File
 15. Fitter Messages



----------------
; Legal Notice ;
----------------
Copyright (C) 1991-2009 Altera Corporation
Your use of Altera Corporation's design tools, logic functions 
and other software and tools, and its AMPP partner logic 
functions, and any output files from any of the foregoing 
(including device programming or simulation files), and any 
associated documentation or information are expressly subject 
to the terms and conditions of the Altera Program License 
Subscription Agreement, Altera MegaCore Function License 
Agreement, or other applicable license agreement, including, 
without limitation, that your use is for the sole purpose of 
programming logic devices manufactured by Altera and sold by 
Altera or its authorized distributors.  Please refer to the 
applicable agreement for further details.



+----------------------------------------------------------------------+
; Fitter Summary                                                       ;
+-----------------------+----------------------------------------------+
; Fitter Status         ; Successful - Fri Sep 06 11:17:41 2019        ;
; Quartus II Version    ; 9.0 Build 235 06/17/2009 SP 2 SJ Web Edition ;
; Revision Name         ; figura1                                      ;
; Top-level Entity Name ; figura1                                      ;
; Family                ; ACEX1K                                       ;
; Device                ; EP1K100QC208-3                               ;
; Timing Models         ; Final                                        ;
; Total logic elements  ; 0 / 4,992 ( 0 % )                            ;
; Total pins            ; 18 / 147 ( 12 % )                            ;
; Total memory bits     ; 0 / 49,152 ( 0 % )                           ;
; Total PLLs            ; 0                                            ;
+-----------------------+----------------------------------------------+


+------------------------------------------------------------------------------------------------------+
; Fitter Settings                                                                                      ;
+------------------------------------------------------------+--------------------+--------------------+
; Option                                                     ; Setting            ; Default Value      ;
+------------------------------------------------------------+--------------------+--------------------+
; Device                                                     ; EP1K100QC208-3     ;                    ;
; Use smart compilation                                      ; Off                ; Off                ;
; Use TimeQuest Timing Analyzer                              ; Off                ; Off                ;
; Router Timing Optimization Level                           ; Normal             ; Normal             ;
; Placement Effort Multiplier                                ; 1.0                ; 1.0                ;
; Router Effort Multiplier                                   ; 1.0                ; 1.0                ;
; Optimize Timing                                            ; Normal compilation ; Normal compilation ;
; Optimize Timing for ECOs                                   ; Off                ; Off                ;
; Regenerate full fit report during ECO compiles             ; Off                ; Off                ;
; Optimize IOC Register Placement for Timing                 ; On                 ; On                 ;
; Limit to One Fitting Attempt                               ; Off                ; Off                ;
; Final Placement Optimizations                              ; Automatically      ; Automatically      ;
; Fitter Aggressive Routability Optimizations                ; Automatically      ; Automatically      ;
; Fitter Initial Placement Seed                              ; 1                  ; 1                  ;
; Slow Slew Rate                                             ; Off                ; Off                ;
; PCI I/O                                                    ; Off                ; Off                ;
; Auto Global Memory Control Signals                         ; Off                ; Off                ;
; Logic Cell Insertion - Individual Logic Cells              ; On                 ; On                 ;
; Logic Cell Insertion - I/Os Fed By Carry or Cascade Chains ; On                 ; On                 ;
; Fitter Effort                                              ; Auto Fit           ; Auto Fit           ;
; Auto Global Clock                                          ; On                 ; On                 ;
; Auto Global Output Enable                                  ; On                 ; On                 ;
; Auto Global Register Control Signals                       ; On                 ; On                 ;
; Force Fitter to Avoid Periphery Placement Warnings         ; Off                ; Off                ;
+------------------------------------------------------------+--------------------+--------------------+


Parallel compilation was disabled, but you have multiple processors available. Enable parallel compilation to reduce compilation time.
+-------------------------------------+
; Parallel Compilation                ;
+----------------------------+--------+
; Processors                 ; Number ;
+----------------------------+--------+
; Number detected on machine ; 2      ;
; Maximum allowed            ; 1      ;
+----------------------------+--------+


+-------------------------------------------------------------------------+
; Fitter Device Options                                                   ;
+----------------------------------------------+--------------------------+
; Option                                       ; Setting                  ;
+----------------------------------------------+--------------------------+
; Enable user-supplied start-up clock (CLKUSR) ; Off                      ;
; Enable device-wide reset (DEV_CLRn)          ; Off                      ;
; Enable device-wide output enable (DEV_OE)    ; Off                      ;
; Enable INIT_DONE output                      ; Off                      ;
; Configuration scheme                         ; Passive Serial           ;
; nWS, nRS, nCS, CS                            ; Unreserved               ;
; RDYnBUSY                                     ; Unreserved               ;
; Data[7..1]                                   ; Unreserved               ;
; Reserve all unused pins                      ; As output driving ground ;
; Base pin-out file on sameframe device        ; Off                      ;
+----------------------------------------------+--------------------------+


+-------------------------------------------------------------------------------------------------------------------------------------------------------------+
; Input Pins                                                                                                                                                  ;
+-----------+-------+-----+------+---------+--------+--------------+-------------------------+---------------+-----------------+---------------+--------------+
; Name      ; Pin # ; Row ; Col. ; Fan-Out ; Global ; I/O Register ; Use Local Routing Input ; Power Up High ; PCI I/O Enabled ; Single-Pin CE ; I/O Standard ;
+-----------+-------+-----+------+---------+--------+--------------+-------------------------+---------------+-----------------+---------------+--------------+
; Oscilador ; 179   ; --  ; 25   ; 0       ; no     ; no           ; no                      ; no            ; no              ; no            ; LVTTL/LVCMOS ;
; Limpar    ; 176   ; --  ; 23   ; 0       ; no     ; no           ; no                      ; no            ; no              ; no            ; LVTTL/LVCMOS ;
; DISP0a    ; 170   ; --  ; 19   ; 0       ; no     ; no           ; no                      ; no            ; no              ; no            ; LVTTL/LVCMOS ;
; DISP0b    ; 180   ; --  ; 26   ; 0       ; no     ; no           ; no                      ; no            ; no              ; no            ; LVTTL/LVCMOS ;
; DISP0c    ; 163   ; --  ; 14   ; 0       ; no     ; no           ; no                      ; no            ; no              ; no            ; LVTTL/LVCMOS ;
; DISP0d    ; 191   ; --  ; 35   ; 0       ; no     ; no           ; no                      ; no            ; no              ; no            ; LVTTL/LVCMOS ;
; DISP1a    ; 29    ;  G  ; --   ; 0       ; no     ; no           ; no                      ; no            ; no              ; no            ; LVTTL/LVCMOS ;
; DISP1b    ; 207   ; --  ; 51   ; 0       ; no     ; no           ; no                      ; no            ; no              ; no            ; LVTTL/LVCMOS ;
; DISP1c    ; 89    ; --  ; 18   ; 0       ; no     ; no           ; no                      ; no            ; no              ; no            ; LVTTL/LVCMOS ;
; DISP1d    ; 166   ; --  ; 15   ; 0       ; no     ; no           ; no                      ; no            ; no              ; no            ; LVTTL/LVCMOS ;
; DISP2a    ; 40    ;  J  ; --   ; 0       ; no     ; no           ; no                      ; no            ; no              ; no            ; LVTTL/LVCMOS ;
; DISP2b    ; 113   ;  K  ; --   ; 0       ; no     ; no           ; no                      ; no            ; no              ; no            ; LVTTL/LVCMOS ;
; DISP2c    ; 28    ;  G  ; --   ; 0       ; no     ; no           ; no                      ; no            ; no              ; no            ; LVTTL/LVCMOS ;
; DISP2d    ; 173   ; --  ; 21   ; 0       ; no     ; no           ; no                      ; no            ; no              ; no            ; LVTTL/LVCMOS ;
; DISP3a    ; 80    ; --  ; --   ; 0       ; no     ; no           ; no                      ; no            ; no              ; no            ; LVTTL/LVCMOS ;
; DISP3b    ; 78    ; --  ; --   ; 0       ; no     ; no           ; no                      ; no            ; no              ; no            ; LVTTL/LVCMOS ;
; DISP3c    ; 182   ; --  ; --   ; 0       ; no     ; no           ; no                      ; no            ; no              ; no            ; LVTTL/LVCMOS ;
; DISP3d    ; 184   ; --  ; --   ; 0       ; no     ; no           ; no                      ; no            ; no              ; no            ; LVTTL/LVCMOS ;
+-----------+-------+-----+------+---------+--------+--------------+-------------------------+---------------+-----------------+---------------+--------------+


+-----------------------------------+
; All Package Pins                  ;
+-------+------------+--------------+
; Pin # ; Usage      ; I/O Standard ;
+-------+------------+--------------+
; 1     ; #TCK       ;              ;
; 2     ; ^CONF_DONE ;              ;
; 3     ; ^nCEO      ;              ;
; 4     ; #TDO       ;              ;
; 5     ; VCC_IO     ;              ;
; 6     ; GND        ;              ;
; 7     ; GND*       ;              ;
; 8     ; GND*       ;              ;
; 9     ; GND*       ;              ;
; 10    ; GND*       ;              ;
; 11    ; GND*       ;              ;
; 12    ; GND*       ;              ;
; 13    ; GND*       ;              ;
; 14    ; GND*       ;              ;
; 15    ; GND*       ;              ;
; 16    ; GND*       ;              ;
; 17    ; GND*       ;              ;
; 18    ; GND*       ;              ;
; 19    ; GND*       ;              ;
; 20    ; GND        ;              ;
; 21    ; VCC_INT    ;              ;
; 22    ; VCC_IO     ;              ;
; 23    ; GND        ;              ;
; 24    ; GND*       ;              ;
; 25    ; GND*       ;              ;
; 26    ; GND*       ;              ;
; 27    ; GND*       ;              ;
; 28    ; DISP2c     ; LVTTL/LVCMOS ;
; 29    ; DISP1a     ; LVTTL/LVCMOS ;
; 30    ; GND*       ;              ;
; 31    ; GND*       ;              ;
; 32    ; GND        ;              ;
; 33    ; VCC_INT    ;              ;
; 34    ; VCC_IO     ;              ;
; 35    ; GND        ;              ;
; 36    ; GND*       ;              ;
; 37    ; GND*       ;              ;
; 38    ; GND*       ;              ;
; 39    ; GND*       ;              ;
; 40    ; DISP2a     ; LVTTL/LVCMOS ;
; 41    ; GND*       ;              ;
; 42    ; VCC_IO     ;              ;
; 43    ; GND        ;              ;
; 44    ; GND*       ;              ;
; 45    ; GND*       ;              ;
; 46    ; GND*       ;              ;
; 47    ; GND*       ;              ;
; 48    ; VCC_INT    ;              ;
; 49    ; GND        ;              ;
; 50    ; #TMS       ;              ;
; 51    ; #TRST      ;              ;
; 52    ; ^nSTATUS   ;              ;
; 53    ; GND*       ;              ;
; 54    ; GND*       ;              ;
; 55    ; GND*       ;              ;
; 56    ; GND*       ;              ;
; 57    ; GND*       ;              ;
; 58    ; GND*       ;              ;
; 59    ; GND        ;              ;
; 60    ; GND*       ;              ;
; 61    ; GND*       ;              ;
; 62    ; GND*       ;              ;
; 63    ; GND*       ;              ;
; 64    ; GND*       ;              ;
; 65    ; GND*       ;              ;
; 66    ; VCC_IO     ;              ;
; 67    ; GND*       ;              ;
; 68    ; GND*       ;              ;
; 69    ; GND*       ;              ;
; 70    ; GND*       ;              ;
; 71    ; GND*       ;              ;
; 72    ; VCC_INT    ;              ;
; 73    ; GND*       ;              ;
; 74    ; GND*       ;              ;
; 75    ; GND*       ;              ;
; 76    ; GND        ;              ;
; 77    ; VCC_CKLK   ;              ;
; 78    ; DISP3b     ; LVTTL/LVCMOS ;
; 79    ; GND+       ;              ;
; 80    ; DISP3a     ; LVTTL/LVCMOS ;
; 81    ; GND_CKLK   ;              ;
; 82    ; GND        ;              ;
; 83    ; GND*       ;              ;
; 84    ; VCC_IO     ;              ;
; 85    ; GND*       ;              ;
; 86    ; GND*       ;              ;
; 87    ; GND*       ;              ;
; 88    ; GND*       ;              ;
; 89    ; DISP1c     ; LVTTL/LVCMOS ;
; 90    ; GND*       ;              ;
; 91    ; VCC_INT    ;              ;
; 92    ; GND*       ;              ;
; 93    ; GND*       ;              ;
; 94    ; GND*       ;              ;
; 95    ; GND*       ;              ;
; 96    ; GND*       ;              ;
; 97    ; GND*       ;              ;
; 98    ; VCC_IO     ;              ;
; 99    ; GND*       ;              ;
; 100   ; GND*       ;              ;
; 101   ; GND*       ;              ;
; 102   ; GND*       ;              ;
; 103   ; GND*       ;              ;
; 104   ; GND*       ;              ;
; 105   ; ^nCONFIG   ;              ;
; 106   ; VCC_INT    ;              ;
; 107   ; ^MSEL1     ;              ;
; 108   ; ^MSEL0     ;              ;
; 109   ; GND        ;              ;
; 110   ; VCC_IO     ;              ;
; 111   ; GND*       ;              ;
; 112   ; GND*       ;              ;
; 113   ; DISP2b     ; LVTTL/LVCMOS ;
; 114   ; GND*       ;              ;
; 115   ; GND*       ;              ;
; 116   ; GND*       ;              ;
; 117   ; GND        ;              ;
; 118   ; VCC_IO     ;              ;
; 119   ; GND*       ;              ;
; 120   ; GND*       ;              ;
; 121   ; GND*       ;              ;
; 122   ; GND*       ;              ;
; 123   ; GND        ;              ;
; 124   ; VCC_INT    ;              ;
; 125   ; GND*       ;              ;
; 126   ; GND*       ;              ;
; 127   ; GND*       ;              ;
; 128   ; GND*       ;              ;
; 129   ; GND        ;              ;
; 130   ; VCC_INT    ;              ;
; 131   ; GND*       ;              ;
; 132   ; GND*       ;              ;
; 133   ; GND*       ;              ;
; 134   ; GND*       ;              ;
; 135   ; GND*       ;              ;
; 136   ; GND*       ;              ;
; 137   ; GND        ;              ;
; 138   ; VCC_IO     ;              ;
; 139   ; GND*       ;              ;
; 140   ; GND*       ;              ;
; 141   ; GND*       ;              ;
; 142   ; GND*       ;              ;
; 143   ; GND*       ;              ;
; 144   ; GND*       ;              ;
; 145   ; GND        ;              ;
; 146   ; VCC_IO     ;              ;
; 147   ; GND*       ;              ;
; 148   ; GND*       ;              ;
; 149   ; GND*       ;              ;
; 150   ; GND*       ;              ;
; 151   ; GND        ;              ;
; 152   ; VCC_INT    ;              ;
; 153   ; #TDI       ;              ;
; 154   ; ^nCE       ;              ;
; 155   ; ^DCLK      ;              ;
; 156   ; ^DATA0     ;              ;
; 157   ; GND*       ;              ;
; 158   ; GND*       ;              ;
; 159   ; GND*       ;              ;
; 160   ; GND*       ;              ;
; 161   ; GND*       ;              ;
; 162   ; GND*       ;              ;
; 163   ; DISP0c     ; LVTTL/LVCMOS ;
; 164   ; GND*       ;              ;
; 165   ; VCC_IO     ;              ;
; 166   ; DISP1d     ; LVTTL/LVCMOS ;
; 167   ; GND*       ;              ;
; 168   ; GND*       ;              ;
; 169   ; GND*       ;              ;
; 170   ; DISP0a     ; LVTTL/LVCMOS ;
; 171   ; GND        ;              ;
; 172   ; GND*       ;              ;
; 173   ; DISP2d     ; LVTTL/LVCMOS ;
; 174   ; GND*       ;              ;
; 175   ; GND*       ;              ;
; 176   ; Limpar     ; LVTTL/LVCMOS ;
; 177   ; GND*       ;              ;
; 178   ; VCC_IO     ;              ;
; 179   ; Oscilador  ; LVTTL/LVCMOS ;
; 180   ; DISP0b     ; LVTTL/LVCMOS ;
; 181   ; GND        ;              ;
; 182   ; DISP3c     ; LVTTL/LVCMOS ;
; 183   ; GND+       ;              ;
; 184   ; DISP3d     ; LVTTL/LVCMOS ;
; 185   ; VCC_INT    ;              ;
; 186   ; GND*       ;              ;
; 187   ; GND*       ;              ;
; 188   ; GND        ;              ;
; 189   ; GND*       ;              ;
; 190   ; GND*       ;              ;
; 191   ; DISP0d     ; LVTTL/LVCMOS ;
; 192   ; GND*       ;              ;
; 193   ; GND*       ;              ;
; 194   ; VCC_IO     ;              ;
; 195   ; GND*       ;              ;
; 196   ; GND*       ;              ;
; 197   ; GND*       ;              ;
; 198   ; GND*       ;              ;
; 199   ; GND*       ;              ;
; 200   ; GND*       ;              ;
; 201   ; VCC_INT    ;              ;
; 202   ; GND*       ;              ;
; 203   ; GND*       ;              ;
; 204   ; GND*       ;              ;
; 205   ; GND*       ;              ;
; 206   ; GND*       ;              ;
; 207   ; DISP1b     ; LVTTL/LVCMOS ;
; 208   ; GND*       ;              ;
+-------+------------+--------------+


+----------------------------------------------------------------------------------------+
; Row Interconnect                                                                       ;
+-------+-------------------+-----------------------------+------------------------------+
; Row   ; Interconnect Used ; Left Half Interconnect Used ; Right Half Interconnect Used ;
+-------+-------------------+-----------------------------+------------------------------+
;  A    ;  0 / 208 ( 0 % )  ;  0 / 104 ( 0 % )            ;  0 / 104 ( 0 % )             ;
;  B    ;  0 / 208 ( 0 % )  ;  0 / 104 ( 0 % )            ;  0 / 104 ( 0 % )             ;
;  C    ;  0 / 208 ( 0 % )  ;  0 / 104 ( 0 % )            ;  0 / 104 ( 0 % )             ;
;  D    ;  0 / 208 ( 0 % )  ;  0 / 104 ( 0 % )            ;  0 / 104 ( 0 % )             ;
;  E    ;  0 / 208 ( 0 % )  ;  0 / 104 ( 0 % )            ;  0 / 104 ( 0 % )             ;
;  F    ;  0 / 208 ( 0 % )  ;  0 / 104 ( 0 % )            ;  0 / 104 ( 0 % )             ;
;  G    ;  0 / 208 ( 0 % )  ;  0 / 104 ( 0 % )            ;  0 / 104 ( 0 % )             ;
;  H    ;  0 / 208 ( 0 % )  ;  0 / 104 ( 0 % )            ;  0 / 104 ( 0 % )             ;
;  I    ;  0 / 208 ( 0 % )  ;  0 / 104 ( 0 % )            ;  0 / 104 ( 0 % )             ;
;  J    ;  0 / 208 ( 0 % )  ;  0 / 104 ( 0 % )            ;  0 / 104 ( 0 % )             ;
;  K    ;  0 / 208 ( 0 % )  ;  0 / 104 ( 0 % )            ;  0 / 104 ( 0 % )             ;
;  L    ;  0 / 208 ( 0 % )  ;  0 / 104 ( 0 % )            ;  0 / 104 ( 0 % )             ;
; Total ;  0 / 2496 ( 0 % ) ;  0 / 1248 ( 0 % )           ;  0 / 1248 ( 0 % )            ;
+-------+-------------------+-----------------------------+------------------------------+


+---------------------------+
; LAB Column Interconnect   ;
+-------+-------------------+
; Col.  ; Interconnect Used ;
+-------+-------------------+
; 1     ;  0 / 24 ( 0 % )   ;
; 2     ;  0 / 24 ( 0 % )   ;
; 3     ;  0 / 24 ( 0 % )   ;
; 4     ;  0 / 24 ( 0 % )   ;
; 5     ;  0 / 24 ( 0 % )   ;
; 6     ;  0 / 24 ( 0 % )   ;
; 7     ;  0 / 24 ( 0 % )   ;
; 8     ;  0 / 24 ( 0 % )   ;
; 9     ;  0 / 24 ( 0 % )   ;
; 10    ;  0 / 24 ( 0 % )   ;
; 11    ;  0 / 24 ( 0 % )   ;
; 12    ;  0 / 24 ( 0 % )   ;
; 13    ;  0 / 24 ( 0 % )   ;
; 14    ;  0 / 24 ( 0 % )   ;
; 15    ;  0 / 24 ( 0 % )   ;
; 16    ;  0 / 24 ( 0 % )   ;
; 17    ;  0 / 24 ( 0 % )   ;
; 18    ;  0 / 24 ( 0 % )   ;
; 19    ;  0 / 24 ( 0 % )   ;
; 20    ;  0 / 24 ( 0 % )   ;
; 21    ;  0 / 24 ( 0 % )   ;
; 22    ;  0 / 24 ( 0 % )   ;
; 23    ;  0 / 24 ( 0 % )   ;
; 24    ;  0 / 24 ( 0 % )   ;
; 25    ;  0 / 24 ( 0 % )   ;
; 26    ;  0 / 24 ( 0 % )   ;
; 27    ;  0 / 24 ( 0 % )   ;
; 28    ;  0 / 24 ( 0 % )   ;
; 29    ;  0 / 24 ( 0 % )   ;
; 30    ;  0 / 24 ( 0 % )   ;
; 31    ;  0 / 24 ( 0 % )   ;
; 32    ;  0 / 24 ( 0 % )   ;
; 33    ;  0 / 24 ( 0 % )   ;
; 34    ;  0 / 24 ( 0 % )   ;
; 35    ;  0 / 24 ( 0 % )   ;
; 36    ;  0 / 24 ( 0 % )   ;
; 37    ;  0 / 24 ( 0 % )   ;
; 38    ;  0 / 24 ( 0 % )   ;
; 39    ;  0 / 24 ( 0 % )   ;
; 40    ;  0 / 24 ( 0 % )   ;
; 41    ;  0 / 24 ( 0 % )   ;
; 42    ;  0 / 24 ( 0 % )   ;
; 43    ;  0 / 24 ( 0 % )   ;
; 44    ;  0 / 24 ( 0 % )   ;
; 45    ;  0 / 24 ( 0 % )   ;
; 46    ;  0 / 24 ( 0 % )   ;
; 47    ;  0 / 24 ( 0 % )   ;
; 48    ;  0 / 24 ( 0 % )   ;
; 49    ;  0 / 24 ( 0 % )   ;
; 50    ;  0 / 24 ( 0 % )   ;
; 51    ;  0 / 24 ( 0 % )   ;
; 52    ;  0 / 24 ( 0 % )   ;
; Total ;  0 / 1248 ( 0 % ) ;
+-------+-------------------+


+---------------------------+
; LAB Column Interconnect   ;
+-------+-------------------+
; Col.  ; Interconnect Used ;
+-------+-------------------+
; 1     ;  0 / 48 ( 0 % )   ;
; Total ;  0 / 48 ( 0 % )   ;
+-------+-------------------+


+-----------------------------------------------------+
; Fitter Resource Usage Summary                       ;
+--------------------------------+--------------------+
; Resource                       ; Usage              ;
+--------------------------------+--------------------+
; Total logic elements           ; 0 / 4,992 ( 0 % )  ;
; Registers                      ; 0 / 4,992 ( 0 % )  ;
; Logic elements in carry chains ; 0                  ;
; User inserted logic elements   ; 0                  ;
; I/O pins                       ; 18 / 147 ( 12 % )  ;
;     -- Clock pins              ; 0 / 2 ( 0 % )      ;
;     -- Dedicated input pins    ; 4 / 4 ( 100 % )    ;
; Global signals                 ; 0                  ;
; EABs                           ; 0 / 12 ( 0 % )     ;
; Total memory bits              ; 0 / 49,152 ( 0 % ) ;
; Total RAM block bits           ; 0 / 49,152 ( 0 % ) ;
+--------------------------------+--------------------+


+--------------------------------------------------------------------------------------------------------------------------------------------------------------------------------------------------------+
; Fitter Resource Utilization by Entity                                                                                                                                                                  ;
+----------------------------+-------------+--------------+-------------+------+--------------+-------------------+------------------+-----------------+------------+---------------------+--------------+
; Compilation Hierarchy Node ; Logic Cells ; LC Registers ; Memory Bits ; Pins ; LUT-Only LCs ; Register-Only LCs ; LUT/Register LCs ; Carry Chain LCs ; Packed LCs ; Full Hierarchy Name ; Library Name ;
+----------------------------+-------------+--------------+-------------+------+--------------+-------------------+------------------+-----------------+------------+---------------------+--------------+
; |figura1                   ; 0 (0)       ; 0            ; 0           ; 18   ; 0 (0)        ; 0 (0)             ; 0 (0)            ; 0 (0)           ; 0 (0)      ; |figura1            ; work         ;
+----------------------------+-------------+--------------+-------------+------+--------------+-------------------+------------------+-----------------+------------+---------------------+--------------+
Note: For table entries with two numbers listed, the numbers in parentheses indicate the number of resources of the given type used by the specific entity alone. The numbers listed outside of parentheses indicate the total resources of the given type used by the specific entity and all of its sub-entities in the hierarchy.


+------------------------------------+
; Delay Chain Summary                ;
+-----------+----------+-------------+
; Name      ; Pin Type ; Pad to Core ;
+-----------+----------+-------------+
; Oscilador ; Input    ; OFF         ;
; Limpar    ; Input    ; OFF         ;
; DISP0a    ; Input    ; OFF         ;
; DISP0b    ; Input    ; OFF         ;
; DISP0c    ; Input    ; OFF         ;
; DISP0d    ; Input    ; OFF         ;
; DISP1a    ; Input    ; OFF         ;
; DISP1b    ; Input    ; OFF         ;
; DISP1c    ; Input    ; OFF         ;
; DISP1d    ; Input    ; OFF         ;
; DISP2a    ; Input    ; OFF         ;
; DISP2b    ; Input    ; OFF         ;
; DISP2c    ; Input    ; OFF         ;
; DISP2d    ; Input    ; OFF         ;
; DISP3a    ; Input    ; OFF         ;
; DISP3b    ; Input    ; OFF         ;
; DISP3c    ; Input    ; OFF         ;
; DISP3d    ; Input    ; OFF         ;
+-----------+----------+-------------+


+--------------+
; Pin-Out File ;
+--------------+
The pin-out file can be found in C:/Users/danie/Documents/roteiros-TEC401-Circuitos-Digitais/roteiro6/figura1/figura1.pin.


+-----------------+
; Fitter Messages ;
+-----------------+
Info: *******************************************************************
Info: Running Quartus II Fitter
    Info: Version 9.0 Build 235 06/17/2009 Service Pack 2 SJ Web Edition
    Info: Processing started: Fri Sep 06 11:17:34 2019
Info: Command: quartus_fit --read_settings_files=off --write_settings_files=off figura1 -c figura1
Info: Selected device EP1K100QC208-3 for design "figura1"
Warning: Feature SignalProbe is not available with your current license
Info: Fitter is using the Classic Timing Analyzer
Info: Timing requirements not specified -- optimizing circuit to achieve the following default global requirements
    Info: Assuming a global fmax requirement of 1000 MHz
    Info: Not setting a global tsu requirement
    Info: Not setting a global tco requirement
    Info: Not setting a global tpd requirement
Info: Inserted 0 logic cells in first fitting attempt
Info: Started fitting attempt 1 on Fri Sep 06 2019 at 11:17:34
Info: Fitter placement preparation operations beginning
Info: Fitter placement preparation operations ending: elapsed time is 00:00:00
Info: Fitter placement operations beginning
Info: Fitter placement operations ending: elapsed time is 00:00:00
Info: Fitter routing operations beginning
Info: Fitter routing operations ending: elapsed time is 00:00:00
Info: Quartus II Fitter was successful. 0 errors, 1 warning
    Info: Peak virtual memory: 230 megabytes
    Info: Processing ended: Fri Sep 06 11:17:41 2019
    Info: Elapsed time: 00:00:07
    Info: Total CPU time (on all processors): 00:00:07


