Classic Timing Analyzer report for figura2
Fri Sep 13 13:26:47 2019
Quartus II Version 9.0 Build 132 02/25/2009 SJ Full Version


---------------------
; Table of Contents ;
---------------------
  1. Legal Notice
  2. Timing Analyzer Summary
  3. Timing Analyzer Settings
  4. Clock Settings Summary
  5. Parallel Compilation
  6. Clock Setup: 'CLK'
  7. tsu
  8. tco
  9. tpd
 10. th
 11. Timing Analyzer Messages



----------------
; Legal Notice ;
----------------
Copyright (C) 1991-2009 Altera Corporation
Your use of Altera Corporation's design tools, logic functions 
and other software and tools, and its AMPP partner logic 
functions, and any output files from any of the foregoing 
(including device programming or simulation files), and any 
associated documentation or information are expressly subject 
to the terms and conditions of the Altera Program License 
Subscription Agreement, Altera MegaCore Function License 
Agreement, or other applicable license agreement, including, 
without limitation, that your use is for the sole purpose of 
programming logic devices manufactured by Altera and sold by 
Altera or its authorized distributors.  Please refer to the 
applicable agreement for further details.



+-----------------------------------------------------------------------------------------------------------------------------------------------------------------------------------------------------------------------------------------------------------+
; Timing Analyzer Summary                                                                                                                                                                                                                                   ;
+------------------------------+-------+---------------+----------------------------------+-------------------------------------------------------------+------------------------------------------------------------+------------+----------+--------------+
; Type                         ; Slack ; Required Time ; Actual Time                      ; From                                                        ; To                                                         ; From Clock ; To Clock ; Failed Paths ;
+------------------------------+-------+---------------+----------------------------------+-------------------------------------------------------------+------------------------------------------------------------+------------+----------+--------------+
; Worst-case tsu               ; N/A   ; None          ; -0.400 ns                        ; CLK                                                         ; figura1:inst2|contador:inst3|inst5                         ; --         ; CLK      ; 0            ;
; Worst-case tco               ; N/A   ; None          ; 36.700 ns                        ; figura1:inst2|contador:inst3|inst                           ; G                                                          ; CLK        ; --       ; 0            ;
; Worst-case tpd               ; N/A   ; None          ; 47.700 ns                        ; E4                                                          ; G                                                          ; --         ; --       ; 0            ;
; Worst-case th                ; N/A   ; None          ; 3.900 ns                         ; CLK                                                         ; figura1:inst2|contador:inst3|inst                          ; --         ; CLK      ; 0            ;
; Clock Setup: 'CLK'           ; N/A   ; None          ; 68.03 MHz ( period = 14.700 ns ) ; figura1:inst2|divisorDeFrequencia:inst|contador:inst2|inst5 ; figura1:inst2|divisorDeFrequencia:inst|contador:inst8|inst ; CLK        ; CLK      ; 0            ;
; Total number of failed paths ;       ;               ;                                  ;                                                             ;                                                            ;            ;          ; 0            ;
+------------------------------+-------+---------------+----------------------------------+-------------------------------------------------------------+------------------------------------------------------------+------------+----------+--------------+


+--------------------------------------------------------------------------------------------------------------------+
; Timing Analyzer Settings                                                                                           ;
+---------------------------------------------------------------------+--------------------+------+----+-------------+
; Option                                                              ; Setting            ; From ; To ; Entity Name ;
+---------------------------------------------------------------------+--------------------+------+----+-------------+
; Device Name                                                         ; EP1K100QC208-3     ;      ;    ;             ;
; Timing Models                                                       ; Final              ;      ;    ;             ;
; Default hold multicycle                                             ; Same as Multicycle ;      ;    ;             ;
; Cut paths between unrelated clock domains                           ; On                 ;      ;    ;             ;
; Cut off read during write signal paths                              ; On                 ;      ;    ;             ;
; Cut off feedback from I/O pins                                      ; On                 ;      ;    ;             ;
; Report Combined Fast/Slow Timing                                    ; Off                ;      ;    ;             ;
; Ignore Clock Settings                                               ; Off                ;      ;    ;             ;
; Analyze latches as synchronous elements                             ; On                 ;      ;    ;             ;
; Enable Recovery/Removal analysis                                    ; Off                ;      ;    ;             ;
; Enable Clock Latency                                                ; Off                ;      ;    ;             ;
; Use TimeQuest Timing Analyzer                                       ; Off                ;      ;    ;             ;
; Minimum Core Junction Temperature                                   ; 0                  ;      ;    ;             ;
; Maximum Core Junction Temperature                                   ; 85                 ;      ;    ;             ;
; Number of source nodes to report per destination node               ; 10                 ;      ;    ;             ;
; Number of destination nodes to report                               ; 10                 ;      ;    ;             ;
; Number of paths to report                                           ; 200                ;      ;    ;             ;
; Report Minimum Timing Checks                                        ; Off                ;      ;    ;             ;
; Use Fast Timing Models                                              ; Off                ;      ;    ;             ;
; Report IO Paths Separately                                          ; Off                ;      ;    ;             ;
; Perform Multicorner Analysis                                        ; Off                ;      ;    ;             ;
; Reports the worst-case path for each clock domain and analysis      ; Off                ;      ;    ;             ;
; Removes common clock path pessimism (CCPP) during slack computation ; Off                ;      ;    ;             ;
; Output I/O Timing Endpoint                                          ; Near End           ;      ;    ;             ;
+---------------------------------------------------------------------+--------------------+------+----+-------------+


+------------------------------------------------------------------------------------------------------------------------------------------------------------------------------------+
; Clock Settings Summary                                                                                                                                                             ;
+-----------------+--------------------+----------+------------------+---------------+--------------+----------+-----------------------+---------------------+--------+--------------+
; Clock Node Name ; Clock Setting Name ; Type     ; Fmax Requirement ; Early Latency ; Late Latency ; Based on ; Multiply Base Fmax by ; Divide Base Fmax by ; Offset ; Phase offset ;
+-----------------+--------------------+----------+------------------+---------------+--------------+----------+-----------------------+---------------------+--------+--------------+
; CLK             ;                    ; User Pin ; None             ; 0.000 ns      ; 0.000 ns     ; --       ; N/A                   ; N/A                 ; N/A    ;              ;
+-----------------+--------------------+----------+------------------+---------------+--------------+----------+-----------------------+---------------------+--------+--------------+


+------------------------------------------+
; Parallel Compilation                     ;
+----------------------------+-------------+
; Processors                 ; Number      ;
+----------------------------+-------------+
; Number detected on machine ; 2           ;
; Maximum allowed            ; 2           ;
;                            ;             ;
; Average used               ; 1.00        ;
; Maximum used               ; 1           ;
;                            ;             ;
; Usage by Processor         ; % Time Used ;
;     1 processor            ; 100.0%      ;
;     2 processors           ;   0.0%      ;
+----------------------------+-------------+


+------------------------------------------------------------------------------------------------------------------------------------------------------------------------------------------------------------------------------------------------------------------------------------------------+
; Clock Setup: 'CLK'                                                                                                                                                                                                                                                                             ;
+-------+------------------------------------------------+-------------------------------------------------------------+-------------------------------------------------------------+------------+----------+-----------------------------+---------------------------+-------------------------+
; Slack ; Actual fmax (period)                           ; From                                                        ; To                                                          ; From Clock ; To Clock ; Required Setup Relationship ; Required Longest P2P Time ; Actual Longest P2P Time ;
+-------+------------------------------------------------+-------------------------------------------------------------+-------------------------------------------------------------+------------+----------+-----------------------------+---------------------------+-------------------------+
; N/A   ; 68.03 MHz ( period = 14.700 ns )               ; figura1:inst2|divisorDeFrequencia:inst|contador:inst2|inst5 ; figura1:inst2|divisorDeFrequencia:inst|contador:inst9|inst  ; CLK        ; CLK      ; None                        ; None                      ; 12.900 ns               ;
; N/A   ; 68.03 MHz ( period = 14.700 ns )               ; figura1:inst2|divisorDeFrequencia:inst|contador:inst2|inst5 ; figura1:inst2|divisorDeFrequencia:inst|contador:inst8|inst5 ; CLK        ; CLK      ; None                        ; None                      ; 12.900 ns               ;
; N/A   ; 68.03 MHz ( period = 14.700 ns )               ; figura1:inst2|divisorDeFrequencia:inst|contador:inst2|inst5 ; figura1:inst2|divisorDeFrequencia:inst|contador:inst8|inst  ; CLK        ; CLK      ; None                        ; None                      ; 12.900 ns               ;
; N/A   ; 68.97 MHz ( period = 14.500 ns )               ; figura1:inst2|divisorDeFrequencia:inst|contador:inst2|inst  ; figura1:inst2|divisorDeFrequencia:inst|contador:inst9|inst  ; CLK        ; CLK      ; None                        ; None                      ; 12.700 ns               ;
; N/A   ; 68.97 MHz ( period = 14.500 ns )               ; figura1:inst2|divisorDeFrequencia:inst|contador:inst2|inst  ; figura1:inst2|divisorDeFrequencia:inst|contador:inst8|inst5 ; CLK        ; CLK      ; None                        ; None                      ; 12.700 ns               ;
; N/A   ; 68.97 MHz ( period = 14.500 ns )               ; figura1:inst2|divisorDeFrequencia:inst|contador:inst2|inst  ; figura1:inst2|divisorDeFrequencia:inst|contador:inst8|inst  ; CLK        ; CLK      ; None                        ; None                      ; 12.700 ns               ;
; N/A   ; 69.44 MHz ( period = 14.400 ns )               ; figura1:inst2|divisorDeFrequencia:inst|contador:inst|inst   ; figura1:inst2|divisorDeFrequencia:inst|contador:inst9|inst  ; CLK        ; CLK      ; None                        ; None                      ; 12.600 ns               ;
; N/A   ; 69.44 MHz ( period = 14.400 ns )               ; figura1:inst2|divisorDeFrequencia:inst|contador:inst|inst   ; figura1:inst2|divisorDeFrequencia:inst|contador:inst8|inst5 ; CLK        ; CLK      ; None                        ; None                      ; 12.600 ns               ;
; N/A   ; 69.44 MHz ( period = 14.400 ns )               ; figura1:inst2|divisorDeFrequencia:inst|contador:inst|inst   ; figura1:inst2|divisorDeFrequencia:inst|contador:inst8|inst  ; CLK        ; CLK      ; None                        ; None                      ; 12.600 ns               ;
; N/A   ; 70.42 MHz ( period = 14.200 ns )               ; figura1:inst2|divisorDeFrequencia:inst|contador:inst|inst5  ; figura1:inst2|divisorDeFrequencia:inst|contador:inst9|inst  ; CLK        ; CLK      ; None                        ; None                      ; 12.400 ns               ;
; N/A   ; 70.42 MHz ( period = 14.200 ns )               ; figura1:inst2|divisorDeFrequencia:inst|contador:inst|inst5  ; figura1:inst2|divisorDeFrequencia:inst|contador:inst8|inst5 ; CLK        ; CLK      ; None                        ; None                      ; 12.400 ns               ;
; N/A   ; 70.42 MHz ( period = 14.200 ns )               ; figura1:inst2|divisorDeFrequencia:inst|contador:inst|inst5  ; figura1:inst2|divisorDeFrequencia:inst|contador:inst8|inst  ; CLK        ; CLK      ; None                        ; None                      ; 12.400 ns               ;
; N/A   ; 78.13 MHz ( period = 12.800 ns )               ; figura1:inst2|divisorDeFrequencia:inst|contador:inst2|inst5 ; figura1:inst2|divisorDeFrequencia:inst|contador:inst7|inst5 ; CLK        ; CLK      ; None                        ; None                      ; 11.000 ns               ;
; N/A   ; 78.13 MHz ( period = 12.800 ns )               ; figura1:inst2|divisorDeFrequencia:inst|contador:inst2|inst5 ; figura1:inst2|divisorDeFrequencia:inst|contador:inst7|inst  ; CLK        ; CLK      ; None                        ; None                      ; 11.000 ns               ;
; N/A   ; 78.13 MHz ( period = 12.800 ns )               ; figura1:inst2|divisorDeFrequencia:inst|contador:inst2|inst5 ; figura1:inst2|divisorDeFrequencia:inst|contador:inst6|inst5 ; CLK        ; CLK      ; None                        ; None                      ; 11.000 ns               ;
; N/A   ; 79.37 MHz ( period = 12.600 ns )               ; figura1:inst2|divisorDeFrequencia:inst|contador:inst2|inst  ; figura1:inst2|divisorDeFrequencia:inst|contador:inst7|inst5 ; CLK        ; CLK      ; None                        ; None                      ; 10.800 ns               ;
; N/A   ; 79.37 MHz ( period = 12.600 ns )               ; figura1:inst2|divisorDeFrequencia:inst|contador:inst2|inst  ; figura1:inst2|divisorDeFrequencia:inst|contador:inst7|inst  ; CLK        ; CLK      ; None                        ; None                      ; 10.800 ns               ;
; N/A   ; 79.37 MHz ( period = 12.600 ns )               ; figura1:inst2|divisorDeFrequencia:inst|contador:inst2|inst  ; figura1:inst2|divisorDeFrequencia:inst|contador:inst6|inst5 ; CLK        ; CLK      ; None                        ; None                      ; 10.800 ns               ;
; N/A   ; 80.00 MHz ( period = 12.500 ns )               ; figura1:inst2|divisorDeFrequencia:inst|contador:inst|inst   ; figura1:inst2|divisorDeFrequencia:inst|contador:inst7|inst5 ; CLK        ; CLK      ; None                        ; None                      ; 10.700 ns               ;
; N/A   ; 80.00 MHz ( period = 12.500 ns )               ; figura1:inst2|divisorDeFrequencia:inst|contador:inst|inst   ; figura1:inst2|divisorDeFrequencia:inst|contador:inst7|inst  ; CLK        ; CLK      ; None                        ; None                      ; 10.700 ns               ;
; N/A   ; 80.00 MHz ( period = 12.500 ns )               ; figura1:inst2|divisorDeFrequencia:inst|contador:inst|inst   ; figura1:inst2|divisorDeFrequencia:inst|contador:inst6|inst5 ; CLK        ; CLK      ; None                        ; None                      ; 10.700 ns               ;
; N/A   ; 81.30 MHz ( period = 12.300 ns )               ; figura1:inst2|divisorDeFrequencia:inst|contador:inst|inst5  ; figura1:inst2|divisorDeFrequencia:inst|contador:inst7|inst5 ; CLK        ; CLK      ; None                        ; None                      ; 10.500 ns               ;
; N/A   ; 81.30 MHz ( period = 12.300 ns )               ; figura1:inst2|divisorDeFrequencia:inst|contador:inst|inst5  ; figura1:inst2|divisorDeFrequencia:inst|contador:inst7|inst  ; CLK        ; CLK      ; None                        ; None                      ; 10.500 ns               ;
; N/A   ; 81.30 MHz ( period = 12.300 ns )               ; figura1:inst2|divisorDeFrequencia:inst|contador:inst|inst5  ; figura1:inst2|divisorDeFrequencia:inst|contador:inst6|inst5 ; CLK        ; CLK      ; None                        ; None                      ; 10.500 ns               ;
; N/A   ; 83.33 MHz ( period = 12.000 ns )               ; figura1:inst2|divisorDeFrequencia:inst|contador:inst4|inst  ; figura1:inst2|divisorDeFrequencia:inst|contador:inst9|inst  ; CLK        ; CLK      ; None                        ; None                      ; 10.200 ns               ;
; N/A   ; 83.33 MHz ( period = 12.000 ns )               ; figura1:inst2|divisorDeFrequencia:inst|contador:inst4|inst  ; figura1:inst2|divisorDeFrequencia:inst|contador:inst8|inst5 ; CLK        ; CLK      ; None                        ; None                      ; 10.200 ns               ;
; N/A   ; 83.33 MHz ( period = 12.000 ns )               ; figura1:inst2|divisorDeFrequencia:inst|contador:inst4|inst  ; figura1:inst2|divisorDeFrequencia:inst|contador:inst8|inst  ; CLK        ; CLK      ; None                        ; None                      ; 10.200 ns               ;
; N/A   ; 84.75 MHz ( period = 11.800 ns )               ; figura1:inst2|divisorDeFrequencia:inst|contador:inst3|inst5 ; figura1:inst2|divisorDeFrequencia:inst|contador:inst9|inst  ; CLK        ; CLK      ; None                        ; None                      ; 10.000 ns               ;
; N/A   ; 84.75 MHz ( period = 11.800 ns )               ; figura1:inst2|divisorDeFrequencia:inst|contador:inst3|inst5 ; figura1:inst2|divisorDeFrequencia:inst|contador:inst8|inst5 ; CLK        ; CLK      ; None                        ; None                      ; 10.000 ns               ;
; N/A   ; 84.75 MHz ( period = 11.800 ns )               ; figura1:inst2|divisorDeFrequencia:inst|contador:inst3|inst5 ; figura1:inst2|divisorDeFrequencia:inst|contador:inst8|inst  ; CLK        ; CLK      ; None                        ; None                      ; 10.000 ns               ;
; N/A   ; 85.47 MHz ( period = 11.700 ns )               ; figura1:inst2|divisorDeFrequencia:inst|contador:inst3|inst  ; figura1:inst2|divisorDeFrequencia:inst|contador:inst9|inst  ; CLK        ; CLK      ; None                        ; None                      ; 9.900 ns                ;
; N/A   ; 85.47 MHz ( period = 11.700 ns )               ; figura1:inst2|divisorDeFrequencia:inst|contador:inst3|inst  ; figura1:inst2|divisorDeFrequencia:inst|contador:inst8|inst5 ; CLK        ; CLK      ; None                        ; None                      ; 9.900 ns                ;
; N/A   ; 85.47 MHz ( period = 11.700 ns )               ; figura1:inst2|divisorDeFrequencia:inst|contador:inst3|inst  ; figura1:inst2|divisorDeFrequencia:inst|contador:inst8|inst  ; CLK        ; CLK      ; None                        ; None                      ; 9.900 ns                ;
; N/A   ; 91.74 MHz ( period = 10.900 ns )               ; figura1:inst2|divisorDeFrequencia:inst|contador:inst2|inst5 ; figura1:inst2|divisorDeFrequencia:inst|contador:inst6|inst  ; CLK        ; CLK      ; None                        ; None                      ; 9.100 ns                ;
; N/A   ; 93.46 MHz ( period = 10.700 ns )               ; figura1:inst2|divisorDeFrequencia:inst|contador:inst2|inst  ; figura1:inst2|divisorDeFrequencia:inst|contador:inst6|inst  ; CLK        ; CLK      ; None                        ; None                      ; 8.900 ns                ;
; N/A   ; 94.34 MHz ( period = 10.600 ns )               ; figura1:inst2|divisorDeFrequencia:inst|contador:inst|inst   ; figura1:inst2|divisorDeFrequencia:inst|contador:inst6|inst  ; CLK        ; CLK      ; None                        ; None                      ; 8.800 ns                ;
; N/A   ; 96.15 MHz ( period = 10.400 ns )               ; figura1:inst2|divisorDeFrequencia:inst|contador:inst|inst5  ; figura1:inst2|divisorDeFrequencia:inst|contador:inst6|inst  ; CLK        ; CLK      ; None                        ; None                      ; 8.600 ns                ;
; N/A   ; 99.01 MHz ( period = 10.100 ns )               ; figura1:inst2|divisorDeFrequencia:inst|contador:inst4|inst  ; figura1:inst2|divisorDeFrequencia:inst|contador:inst7|inst5 ; CLK        ; CLK      ; None                        ; None                      ; 8.300 ns                ;
; N/A   ; 99.01 MHz ( period = 10.100 ns )               ; figura1:inst2|divisorDeFrequencia:inst|contador:inst4|inst  ; figura1:inst2|divisorDeFrequencia:inst|contador:inst7|inst  ; CLK        ; CLK      ; None                        ; None                      ; 8.300 ns                ;
; N/A   ; 99.01 MHz ( period = 10.100 ns )               ; figura1:inst2|divisorDeFrequencia:inst|contador:inst4|inst  ; figura1:inst2|divisorDeFrequencia:inst|contador:inst6|inst5 ; CLK        ; CLK      ; None                        ; None                      ; 8.300 ns                ;
; N/A   ; 99.01 MHz ( period = 10.100 ns )               ; figura1:inst2|divisorDeFrequencia:inst|contador:inst2|inst5 ; figura1:inst2|divisorDeFrequencia:inst|contador:inst5|inst5 ; CLK        ; CLK      ; None                        ; None                      ; 8.300 ns                ;
; N/A   ; 99.01 MHz ( period = 10.100 ns )               ; figura1:inst2|divisorDeFrequencia:inst|contador:inst2|inst5 ; figura1:inst2|divisorDeFrequencia:inst|contador:inst5|inst  ; CLK        ; CLK      ; None                        ; None                      ; 8.300 ns                ;
; N/A   ; 101.01 MHz ( period = 9.900 ns )               ; figura1:inst2|divisorDeFrequencia:inst|contador:inst3|inst5 ; figura1:inst2|divisorDeFrequencia:inst|contador:inst7|inst5 ; CLK        ; CLK      ; None                        ; None                      ; 8.100 ns                ;
; N/A   ; 101.01 MHz ( period = 9.900 ns )               ; figura1:inst2|divisorDeFrequencia:inst|contador:inst3|inst5 ; figura1:inst2|divisorDeFrequencia:inst|contador:inst7|inst  ; CLK        ; CLK      ; None                        ; None                      ; 8.100 ns                ;
; N/A   ; 101.01 MHz ( period = 9.900 ns )               ; figura1:inst2|divisorDeFrequencia:inst|contador:inst3|inst5 ; figura1:inst2|divisorDeFrequencia:inst|contador:inst6|inst5 ; CLK        ; CLK      ; None                        ; None                      ; 8.100 ns                ;
; N/A   ; 101.01 MHz ( period = 9.900 ns )               ; figura1:inst2|divisorDeFrequencia:inst|contador:inst2|inst  ; figura1:inst2|divisorDeFrequencia:inst|contador:inst5|inst5 ; CLK        ; CLK      ; None                        ; None                      ; 8.100 ns                ;
; N/A   ; 101.01 MHz ( period = 9.900 ns )               ; figura1:inst2|divisorDeFrequencia:inst|contador:inst2|inst  ; figura1:inst2|divisorDeFrequencia:inst|contador:inst5|inst  ; CLK        ; CLK      ; None                        ; None                      ; 8.100 ns                ;
; N/A   ; 102.04 MHz ( period = 9.800 ns )               ; figura1:inst2|divisorDeFrequencia:inst|contador:inst3|inst  ; figura1:inst2|divisorDeFrequencia:inst|contador:inst7|inst5 ; CLK        ; CLK      ; None                        ; None                      ; 8.000 ns                ;
; N/A   ; 102.04 MHz ( period = 9.800 ns )               ; figura1:inst2|divisorDeFrequencia:inst|contador:inst3|inst  ; figura1:inst2|divisorDeFrequencia:inst|contador:inst7|inst  ; CLK        ; CLK      ; None                        ; None                      ; 8.000 ns                ;
; N/A   ; 102.04 MHz ( period = 9.800 ns )               ; figura1:inst2|divisorDeFrequencia:inst|contador:inst3|inst  ; figura1:inst2|divisorDeFrequencia:inst|contador:inst6|inst5 ; CLK        ; CLK      ; None                        ; None                      ; 8.000 ns                ;
; N/A   ; 102.04 MHz ( period = 9.800 ns )               ; figura1:inst2|divisorDeFrequencia:inst|contador:inst|inst   ; figura1:inst2|divisorDeFrequencia:inst|contador:inst5|inst5 ; CLK        ; CLK      ; None                        ; None                      ; 8.000 ns                ;
; N/A   ; 102.04 MHz ( period = 9.800 ns )               ; figura1:inst2|divisorDeFrequencia:inst|contador:inst|inst   ; figura1:inst2|divisorDeFrequencia:inst|contador:inst5|inst  ; CLK        ; CLK      ; None                        ; None                      ; 8.000 ns                ;
; N/A   ; 104.17 MHz ( period = 9.600 ns )               ; figura1:inst2|divisorDeFrequencia:inst|contador:inst|inst5  ; figura1:inst2|divisorDeFrequencia:inst|contador:inst5|inst5 ; CLK        ; CLK      ; None                        ; None                      ; 7.800 ns                ;
; N/A   ; 104.17 MHz ( period = 9.600 ns )               ; figura1:inst2|divisorDeFrequencia:inst|contador:inst|inst5  ; figura1:inst2|divisorDeFrequencia:inst|contador:inst5|inst  ; CLK        ; CLK      ; None                        ; None                      ; 7.800 ns                ;
; N/A   ; 107.53 MHz ( period = 9.300 ns )               ; figura1:inst2|divisorDeFrequencia:inst|contador:inst5|inst5 ; figura1:inst2|divisorDeFrequencia:inst|contador:inst9|inst  ; CLK        ; CLK      ; None                        ; None                      ; 7.500 ns                ;
; N/A   ; 107.53 MHz ( period = 9.300 ns )               ; figura1:inst2|divisorDeFrequencia:inst|contador:inst5|inst5 ; figura1:inst2|divisorDeFrequencia:inst|contador:inst8|inst5 ; CLK        ; CLK      ; None                        ; None                      ; 7.500 ns                ;
; N/A   ; 107.53 MHz ( period = 9.300 ns )               ; figura1:inst2|divisorDeFrequencia:inst|contador:inst5|inst5 ; figura1:inst2|divisorDeFrequencia:inst|contador:inst8|inst  ; CLK        ; CLK      ; None                        ; None                      ; 7.500 ns                ;
; N/A   ; 109.89 MHz ( period = 9.100 ns )               ; figura1:inst2|divisorDeFrequencia:inst|contador:inst5|inst  ; figura1:inst2|divisorDeFrequencia:inst|contador:inst9|inst  ; CLK        ; CLK      ; None                        ; None                      ; 7.300 ns                ;
; N/A   ; 109.89 MHz ( period = 9.100 ns )               ; figura1:inst2|divisorDeFrequencia:inst|contador:inst5|inst  ; figura1:inst2|divisorDeFrequencia:inst|contador:inst8|inst5 ; CLK        ; CLK      ; None                        ; None                      ; 7.300 ns                ;
; N/A   ; 109.89 MHz ( period = 9.100 ns )               ; figura1:inst2|divisorDeFrequencia:inst|contador:inst5|inst  ; figura1:inst2|divisorDeFrequencia:inst|contador:inst8|inst  ; CLK        ; CLK      ; None                        ; None                      ; 7.300 ns                ;
; N/A   ; 111.11 MHz ( period = 9.000 ns )               ; figura1:inst2|divisorDeFrequencia:inst|contador:inst4|inst5 ; figura1:inst2|divisorDeFrequencia:inst|contador:inst9|inst  ; CLK        ; CLK      ; None                        ; None                      ; 7.200 ns                ;
; N/A   ; 111.11 MHz ( period = 9.000 ns )               ; figura1:inst2|divisorDeFrequencia:inst|contador:inst4|inst5 ; figura1:inst2|divisorDeFrequencia:inst|contador:inst8|inst5 ; CLK        ; CLK      ; None                        ; None                      ; 7.200 ns                ;
; N/A   ; 111.11 MHz ( period = 9.000 ns )               ; figura1:inst2|divisorDeFrequencia:inst|contador:inst4|inst5 ; figura1:inst2|divisorDeFrequencia:inst|contador:inst8|inst  ; CLK        ; CLK      ; None                        ; None                      ; 7.200 ns                ;
; N/A   ; 121.95 MHz ( period = 8.200 ns )               ; figura1:inst2|divisorDeFrequencia:inst|contador:inst4|inst  ; figura1:inst2|divisorDeFrequencia:inst|contador:inst6|inst  ; CLK        ; CLK      ; None                        ; None                      ; 6.400 ns                ;
; N/A   ; 121.95 MHz ( period = 8.200 ns )               ; figura1:inst2|divisorDeFrequencia:inst|contador:inst2|inst5 ; figura1:inst2|divisorDeFrequencia:inst|contador:inst4|inst5 ; CLK        ; CLK      ; None                        ; None                      ; 6.400 ns                ;
; N/A   ; 125.00 MHz ( period = 8.000 ns )               ; figura1:inst2|divisorDeFrequencia:inst|contador:inst3|inst5 ; figura1:inst2|divisorDeFrequencia:inst|contador:inst6|inst  ; CLK        ; CLK      ; None                        ; None                      ; 6.200 ns                ;
; N/A   ; 125.00 MHz ( period = 8.000 ns )               ; figura1:inst2|divisorDeFrequencia:inst|contador:inst2|inst  ; figura1:inst2|divisorDeFrequencia:inst|contador:inst4|inst5 ; CLK        ; CLK      ; None                        ; None                      ; 6.200 ns                ;
; N/A   ; 126.58 MHz ( period = 7.900 ns )               ; figura1:inst2|divisorDeFrequencia:inst|contador:inst3|inst  ; figura1:inst2|divisorDeFrequencia:inst|contador:inst6|inst  ; CLK        ; CLK      ; None                        ; None                      ; 6.100 ns                ;
; N/A   ; 126.58 MHz ( period = 7.900 ns )               ; figura1:inst2|divisorDeFrequencia:inst|contador:inst|inst   ; figura1:inst2|divisorDeFrequencia:inst|contador:inst4|inst5 ; CLK        ; CLK      ; None                        ; None                      ; 6.100 ns                ;
; N/A   ; 129.87 MHz ( period = 7.700 ns )               ; figura1:inst2|divisorDeFrequencia:inst|contador:inst|inst5  ; figura1:inst2|divisorDeFrequencia:inst|contador:inst4|inst5 ; CLK        ; CLK      ; None                        ; None                      ; 5.900 ns                ;
; N/A   ; 135.14 MHz ( period = 7.400 ns )               ; figura1:inst2|divisorDeFrequencia:inst|contador:inst7|inst  ; figura1:inst2|divisorDeFrequencia:inst|contador:inst9|inst  ; CLK        ; CLK      ; None                        ; None                      ; 5.600 ns                ;
; N/A   ; 135.14 MHz ( period = 7.400 ns )               ; figura1:inst2|divisorDeFrequencia:inst|contador:inst7|inst  ; figura1:inst2|divisorDeFrequencia:inst|contador:inst8|inst5 ; CLK        ; CLK      ; None                        ; None                      ; 5.600 ns                ;
; N/A   ; 135.14 MHz ( period = 7.400 ns )               ; figura1:inst2|divisorDeFrequencia:inst|contador:inst7|inst  ; figura1:inst2|divisorDeFrequencia:inst|contador:inst8|inst  ; CLK        ; CLK      ; None                        ; None                      ; 5.600 ns                ;
; N/A   ; 135.14 MHz ( period = 7.400 ns )               ; figura1:inst2|divisorDeFrequencia:inst|contador:inst5|inst5 ; figura1:inst2|divisorDeFrequencia:inst|contador:inst7|inst5 ; CLK        ; CLK      ; None                        ; None                      ; 5.600 ns                ;
; N/A   ; 135.14 MHz ( period = 7.400 ns )               ; figura1:inst2|divisorDeFrequencia:inst|contador:inst5|inst5 ; figura1:inst2|divisorDeFrequencia:inst|contador:inst7|inst  ; CLK        ; CLK      ; None                        ; None                      ; 5.600 ns                ;
; N/A   ; 135.14 MHz ( period = 7.400 ns )               ; figura1:inst2|divisorDeFrequencia:inst|contador:inst5|inst5 ; figura1:inst2|divisorDeFrequencia:inst|contador:inst6|inst5 ; CLK        ; CLK      ; None                        ; None                      ; 5.600 ns                ;
; N/A   ; 135.14 MHz ( period = 7.400 ns )               ; figura1:inst2|divisorDeFrequencia:inst|contador:inst4|inst  ; figura1:inst2|divisorDeFrequencia:inst|contador:inst5|inst5 ; CLK        ; CLK      ; None                        ; None                      ; 5.600 ns                ;
; N/A   ; 135.14 MHz ( period = 7.400 ns )               ; figura1:inst2|divisorDeFrequencia:inst|contador:inst4|inst  ; figura1:inst2|divisorDeFrequencia:inst|contador:inst5|inst  ; CLK        ; CLK      ; None                        ; None                      ; 5.600 ns                ;
; N/A   ; 135.14 MHz ( period = 7.400 ns )               ; figura1:inst2|divisorDeFrequencia:inst|contador:inst2|inst5 ; figura1:inst2|divisorDeFrequencia:inst|contador:inst4|inst  ; CLK        ; CLK      ; None                        ; None                      ; 5.600 ns                ;
; N/A   ; 135.14 MHz ( period = 7.400 ns )               ; figura1:inst2|divisorDeFrequencia:inst|contador:inst2|inst5 ; figura1:inst2|divisorDeFrequencia:inst|contador:inst3|inst5 ; CLK        ; CLK      ; None                        ; None                      ; 5.600 ns                ;
; N/A   ; 138.89 MHz ( period = 7.200 ns )               ; figura1:inst2|divisorDeFrequencia:inst|contador:inst6|inst5 ; figura1:inst2|divisorDeFrequencia:inst|contador:inst9|inst  ; CLK        ; CLK      ; None                        ; None                      ; 5.400 ns                ;
; N/A   ; 138.89 MHz ( period = 7.200 ns )               ; figura1:inst2|divisorDeFrequencia:inst|contador:inst6|inst5 ; figura1:inst2|divisorDeFrequencia:inst|contador:inst8|inst5 ; CLK        ; CLK      ; None                        ; None                      ; 5.400 ns                ;
; N/A   ; 138.89 MHz ( period = 7.200 ns )               ; figura1:inst2|divisorDeFrequencia:inst|contador:inst6|inst5 ; figura1:inst2|divisorDeFrequencia:inst|contador:inst8|inst  ; CLK        ; CLK      ; None                        ; None                      ; 5.400 ns                ;
; N/A   ; 138.89 MHz ( period = 7.200 ns )               ; figura1:inst2|divisorDeFrequencia:inst|contador:inst5|inst  ; figura1:inst2|divisorDeFrequencia:inst|contador:inst7|inst5 ; CLK        ; CLK      ; None                        ; None                      ; 5.400 ns                ;
; N/A   ; 138.89 MHz ( period = 7.200 ns )               ; figura1:inst2|divisorDeFrequencia:inst|contador:inst5|inst  ; figura1:inst2|divisorDeFrequencia:inst|contador:inst7|inst  ; CLK        ; CLK      ; None                        ; None                      ; 5.400 ns                ;
; N/A   ; 138.89 MHz ( period = 7.200 ns )               ; figura1:inst2|divisorDeFrequencia:inst|contador:inst5|inst  ; figura1:inst2|divisorDeFrequencia:inst|contador:inst6|inst5 ; CLK        ; CLK      ; None                        ; None                      ; 5.400 ns                ;
; N/A   ; 138.89 MHz ( period = 7.200 ns )               ; figura1:inst2|divisorDeFrequencia:inst|contador:inst3|inst5 ; figura1:inst2|divisorDeFrequencia:inst|contador:inst5|inst5 ; CLK        ; CLK      ; None                        ; None                      ; 5.400 ns                ;
; N/A   ; 138.89 MHz ( period = 7.200 ns )               ; figura1:inst2|divisorDeFrequencia:inst|contador:inst3|inst5 ; figura1:inst2|divisorDeFrequencia:inst|contador:inst5|inst  ; CLK        ; CLK      ; None                        ; None                      ; 5.400 ns                ;
; N/A   ; 138.89 MHz ( period = 7.200 ns )               ; figura1:inst2|divisorDeFrequencia:inst|contador:inst2|inst  ; figura1:inst2|divisorDeFrequencia:inst|contador:inst4|inst  ; CLK        ; CLK      ; None                        ; None                      ; 5.400 ns                ;
; N/A   ; 138.89 MHz ( period = 7.200 ns )               ; figura1:inst2|divisorDeFrequencia:inst|contador:inst2|inst  ; figura1:inst2|divisorDeFrequencia:inst|contador:inst3|inst5 ; CLK        ; CLK      ; None                        ; None                      ; 5.400 ns                ;
; N/A   ; 140.85 MHz ( period = 7.100 ns )               ; figura1:inst2|divisorDeFrequencia:inst|contador:inst6|inst  ; figura1:inst2|divisorDeFrequencia:inst|contador:inst9|inst  ; CLK        ; CLK      ; None                        ; None                      ; 5.300 ns                ;
; N/A   ; 140.85 MHz ( period = 7.100 ns )               ; figura1:inst2|divisorDeFrequencia:inst|contador:inst6|inst  ; figura1:inst2|divisorDeFrequencia:inst|contador:inst8|inst5 ; CLK        ; CLK      ; None                        ; None                      ; 5.300 ns                ;
; N/A   ; 140.85 MHz ( period = 7.100 ns )               ; figura1:inst2|divisorDeFrequencia:inst|contador:inst6|inst  ; figura1:inst2|divisorDeFrequencia:inst|contador:inst8|inst  ; CLK        ; CLK      ; None                        ; None                      ; 5.300 ns                ;
; N/A   ; 140.85 MHz ( period = 7.100 ns )               ; figura1:inst2|divisorDeFrequencia:inst|contador:inst4|inst5 ; figura1:inst2|divisorDeFrequencia:inst|contador:inst7|inst5 ; CLK        ; CLK      ; None                        ; None                      ; 5.300 ns                ;
; N/A   ; 140.85 MHz ( period = 7.100 ns )               ; figura1:inst2|divisorDeFrequencia:inst|contador:inst4|inst5 ; figura1:inst2|divisorDeFrequencia:inst|contador:inst7|inst  ; CLK        ; CLK      ; None                        ; None                      ; 5.300 ns                ;
; N/A   ; 140.85 MHz ( period = 7.100 ns )               ; figura1:inst2|divisorDeFrequencia:inst|contador:inst4|inst5 ; figura1:inst2|divisorDeFrequencia:inst|contador:inst6|inst5 ; CLK        ; CLK      ; None                        ; None                      ; 5.300 ns                ;
; N/A   ; 140.85 MHz ( period = 7.100 ns )               ; figura1:inst2|divisorDeFrequencia:inst|contador:inst3|inst  ; figura1:inst2|divisorDeFrequencia:inst|contador:inst5|inst5 ; CLK        ; CLK      ; None                        ; None                      ; 5.300 ns                ;
; N/A   ; 140.85 MHz ( period = 7.100 ns )               ; figura1:inst2|divisorDeFrequencia:inst|contador:inst3|inst  ; figura1:inst2|divisorDeFrequencia:inst|contador:inst5|inst  ; CLK        ; CLK      ; None                        ; None                      ; 5.300 ns                ;
; N/A   ; 140.85 MHz ( period = 7.100 ns )               ; figura1:inst2|divisorDeFrequencia:inst|contador:inst|inst   ; figura1:inst2|divisorDeFrequencia:inst|contador:inst4|inst  ; CLK        ; CLK      ; None                        ; None                      ; 5.300 ns                ;
; N/A   ; 140.85 MHz ( period = 7.100 ns )               ; figura1:inst2|divisorDeFrequencia:inst|contador:inst|inst   ; figura1:inst2|divisorDeFrequencia:inst|contador:inst3|inst5 ; CLK        ; CLK      ; None                        ; None                      ; 5.300 ns                ;
; N/A   ; 144.93 MHz ( period = 6.900 ns )               ; figura1:inst2|divisorDeFrequencia:inst|contador:inst|inst5  ; figura1:inst2|divisorDeFrequencia:inst|contador:inst4|inst  ; CLK        ; CLK      ; None                        ; None                      ; 5.100 ns                ;
; N/A   ; 144.93 MHz ( period = 6.900 ns )               ; figura1:inst2|divisorDeFrequencia:inst|contador:inst|inst5  ; figura1:inst2|divisorDeFrequencia:inst|contador:inst3|inst5 ; CLK        ; CLK      ; None                        ; None                      ; 5.100 ns                ;
; N/A   ; 181.82 MHz ( period = 5.500 ns )               ; figura1:inst2|divisorDeFrequencia:inst|contador:inst7|inst  ; figura1:inst2|divisorDeFrequencia:inst|contador:inst7|inst5 ; CLK        ; CLK      ; None                        ; None                      ; 3.700 ns                ;
; N/A   ; 181.82 MHz ( period = 5.500 ns )               ; figura1:inst2|divisorDeFrequencia:inst|contador:inst5|inst5 ; figura1:inst2|divisorDeFrequencia:inst|contador:inst6|inst  ; CLK        ; CLK      ; None                        ; None                      ; 3.700 ns                ;
; N/A   ; 181.82 MHz ( period = 5.500 ns )               ; figura1:inst2|divisorDeFrequencia:inst|contador:inst4|inst  ; figura1:inst2|divisorDeFrequencia:inst|contador:inst4|inst5 ; CLK        ; CLK      ; None                        ; None                      ; 3.700 ns                ;
; N/A   ; 181.82 MHz ( period = 5.500 ns )               ; figura1:inst2|divisorDeFrequencia:inst|contador:inst2|inst5 ; figura1:inst2|divisorDeFrequencia:inst|contador:inst3|inst  ; CLK        ; CLK      ; None                        ; None                      ; 3.700 ns                ;
; N/A   ; 188.68 MHz ( period = 5.300 ns )               ; figura1:inst2|divisorDeFrequencia:inst|contador:inst6|inst5 ; figura1:inst2|divisorDeFrequencia:inst|contador:inst7|inst5 ; CLK        ; CLK      ; None                        ; None                      ; 3.500 ns                ;
; N/A   ; 188.68 MHz ( period = 5.300 ns )               ; figura1:inst2|divisorDeFrequencia:inst|contador:inst5|inst  ; figura1:inst2|divisorDeFrequencia:inst|contador:inst6|inst  ; CLK        ; CLK      ; None                        ; None                      ; 3.500 ns                ;
; N/A   ; 188.68 MHz ( period = 5.300 ns )               ; figura1:inst2|divisorDeFrequencia:inst|contador:inst3|inst5 ; figura1:inst2|divisorDeFrequencia:inst|contador:inst4|inst5 ; CLK        ; CLK      ; None                        ; None                      ; 3.500 ns                ;
; N/A   ; 188.68 MHz ( period = 5.300 ns )               ; figura1:inst2|divisorDeFrequencia:inst|contador:inst2|inst  ; figura1:inst2|divisorDeFrequencia:inst|contador:inst3|inst  ; CLK        ; CLK      ; None                        ; None                      ; 3.500 ns                ;
; N/A   ; 192.31 MHz ( period = 5.200 ns )               ; figura1:inst2|divisorDeFrequencia:inst|contador:inst6|inst  ; figura1:inst2|divisorDeFrequencia:inst|contador:inst7|inst5 ; CLK        ; CLK      ; None                        ; None                      ; 3.400 ns                ;
; N/A   ; 192.31 MHz ( period = 5.200 ns )               ; figura1:inst2|divisorDeFrequencia:inst|contador:inst4|inst5 ; figura1:inst2|divisorDeFrequencia:inst|contador:inst6|inst  ; CLK        ; CLK      ; None                        ; None                      ; 3.400 ns                ;
; N/A   ; 192.31 MHz ( period = 5.200 ns )               ; figura1:inst2|divisorDeFrequencia:inst|contador:inst3|inst  ; figura1:inst2|divisorDeFrequencia:inst|contador:inst4|inst5 ; CLK        ; CLK      ; None                        ; None                      ; 3.400 ns                ;
; N/A   ; 192.31 MHz ( period = 5.200 ns )               ; figura1:inst2|divisorDeFrequencia:inst|contador:inst|inst   ; figura1:inst2|divisorDeFrequencia:inst|contador:inst3|inst  ; CLK        ; CLK      ; None                        ; None                      ; 3.400 ns                ;
; N/A   ; 200.00 MHz ( period = 5.000 ns )               ; figura1:inst2|divisorDeFrequencia:inst|contador:inst|inst5  ; figura1:inst2|divisorDeFrequencia:inst|contador:inst3|inst  ; CLK        ; CLK      ; None                        ; None                      ; 3.200 ns                ;
; N/A   ; Restricted to 200.00 MHz ( period = 5.000 ns ) ; figura1:inst2|divisorDeFrequencia:inst|contador:inst8|inst5 ; figura1:inst2|divisorDeFrequencia:inst|contador:inst9|inst  ; CLK        ; CLK      ; None                        ; None                      ; 2.900 ns                ;
; N/A   ; Restricted to 200.00 MHz ( period = 5.000 ns ) ; figura1:inst2|divisorDeFrequencia:inst|contador:inst8|inst  ; figura1:inst2|divisorDeFrequencia:inst|contador:inst9|inst  ; CLK        ; CLK      ; None                        ; None                      ; 2.700 ns                ;
; N/A   ; Restricted to 200.00 MHz ( period = 5.000 ns ) ; figura1:inst2|divisorDeFrequencia:inst|contador:inst8|inst  ; figura1:inst2|divisorDeFrequencia:inst|contador:inst8|inst5 ; CLK        ; CLK      ; None                        ; None                      ; 2.700 ns                ;
; N/A   ; Restricted to 200.00 MHz ( period = 5.000 ns ) ; figura1:inst2|divisorDeFrequencia:inst|contador:inst6|inst5 ; figura1:inst2|divisorDeFrequencia:inst|contador:inst7|inst  ; CLK        ; CLK      ; None                        ; None                      ; 2.700 ns                ;
; N/A   ; Restricted to 200.00 MHz ( period = 5.000 ns ) ; figura1:inst2|divisorDeFrequencia:inst|contador:inst5|inst  ; figura1:inst2|divisorDeFrequencia:inst|contador:inst5|inst5 ; CLK        ; CLK      ; None                        ; None                      ; 2.700 ns                ;
; N/A   ; Restricted to 200.00 MHz ( period = 5.000 ns ) ; figura1:inst2|divisorDeFrequencia:inst|contador:inst3|inst5 ; figura1:inst2|divisorDeFrequencia:inst|contador:inst4|inst  ; CLK        ; CLK      ; None                        ; None                      ; 2.700 ns                ;
; N/A   ; Restricted to 200.00 MHz ( period = 5.000 ns ) ; figura1:inst2|divisorDeFrequencia:inst|contador:inst2|inst  ; figura1:inst2|divisorDeFrequencia:inst|contador:inst2|inst5 ; CLK        ; CLK      ; None                        ; None                      ; 2.700 ns                ;
; N/A   ; Restricted to 200.00 MHz ( period = 5.000 ns ) ; figura1:inst2|divisorDeFrequencia:inst|contador:inst7|inst5 ; figura1:inst2|divisorDeFrequencia:inst|contador:inst9|inst  ; CLK        ; CLK      ; None                        ; None                      ; 2.600 ns                ;
; N/A   ; Restricted to 200.00 MHz ( period = 5.000 ns ) ; figura1:inst2|contador:inst3|inst                           ; figura1:inst2|contador:inst3|inst5                          ; CLK        ; CLK      ; None                        ; None                      ; 2.600 ns                ;
; N/A   ; Restricted to 200.00 MHz ( period = 5.000 ns ) ; figura1:inst2|divisorDeFrequencia:inst|contador:inst7|inst5 ; figura1:inst2|divisorDeFrequencia:inst|contador:inst8|inst5 ; CLK        ; CLK      ; None                        ; None                      ; 2.600 ns                ;
; N/A   ; Restricted to 200.00 MHz ( period = 5.000 ns ) ; figura1:inst2|divisorDeFrequencia:inst|contador:inst7|inst5 ; figura1:inst2|divisorDeFrequencia:inst|contador:inst8|inst  ; CLK        ; CLK      ; None                        ; None                      ; 2.600 ns                ;
; N/A   ; Restricted to 200.00 MHz ( period = 5.000 ns ) ; figura1:inst2|divisorDeFrequencia:inst|contador:inst6|inst  ; figura1:inst2|divisorDeFrequencia:inst|contador:inst7|inst  ; CLK        ; CLK      ; None                        ; None                      ; 2.600 ns                ;
; N/A   ; Restricted to 200.00 MHz ( period = 5.000 ns ) ; figura1:inst2|divisorDeFrequencia:inst|contador:inst6|inst  ; figura1:inst2|divisorDeFrequencia:inst|contador:inst6|inst5 ; CLK        ; CLK      ; None                        ; None                      ; 2.600 ns                ;
; N/A   ; Restricted to 200.00 MHz ( period = 5.000 ns ) ; figura1:inst2|divisorDeFrequencia:inst|contador:inst4|inst5 ; figura1:inst2|divisorDeFrequencia:inst|contador:inst5|inst5 ; CLK        ; CLK      ; None                        ; None                      ; 2.600 ns                ;
; N/A   ; Restricted to 200.00 MHz ( period = 5.000 ns ) ; figura1:inst2|divisorDeFrequencia:inst|contador:inst4|inst5 ; figura1:inst2|divisorDeFrequencia:inst|contador:inst5|inst  ; CLK        ; CLK      ; None                        ; None                      ; 2.600 ns                ;
; N/A   ; Restricted to 200.00 MHz ( period = 5.000 ns ) ; figura1:inst2|divisorDeFrequencia:inst|contador:inst3|inst  ; figura1:inst2|divisorDeFrequencia:inst|contador:inst4|inst  ; CLK        ; CLK      ; None                        ; None                      ; 2.600 ns                ;
; N/A   ; Restricted to 200.00 MHz ( period = 5.000 ns ) ; figura1:inst2|divisorDeFrequencia:inst|contador:inst3|inst  ; figura1:inst2|divisorDeFrequencia:inst|contador:inst3|inst5 ; CLK        ; CLK      ; None                        ; None                      ; 2.600 ns                ;
; N/A   ; Restricted to 200.00 MHz ( period = 5.000 ns ) ; figura1:inst2|divisorDeFrequencia:inst|contador:inst|inst   ; figura1:inst2|divisorDeFrequencia:inst|contador:inst2|inst5 ; CLK        ; CLK      ; None                        ; None                      ; 2.600 ns                ;
; N/A   ; Restricted to 200.00 MHz ( period = 5.000 ns ) ; figura1:inst2|divisorDeFrequencia:inst|contador:inst|inst   ; figura1:inst2|divisorDeFrequencia:inst|contador:inst2|inst  ; CLK        ; CLK      ; None                        ; None                      ; 2.600 ns                ;
; N/A   ; Restricted to 200.00 MHz ( period = 5.000 ns ) ; figura1:inst2|divisorDeFrequencia:inst|contador:inst|inst5  ; figura1:inst2|divisorDeFrequencia:inst|contador:inst2|inst5 ; CLK        ; CLK      ; None                        ; None                      ; 2.400 ns                ;
; N/A   ; Restricted to 200.00 MHz ( period = 5.000 ns ) ; figura1:inst2|divisorDeFrequencia:inst|contador:inst|inst5  ; figura1:inst2|divisorDeFrequencia:inst|contador:inst2|inst  ; CLK        ; CLK      ; None                        ; None                      ; 2.400 ns                ;
; N/A   ; Restricted to 200.00 MHz ( period = 5.000 ns ) ; figura1:inst2|contador:inst3|inst                           ; figura1:inst2|contador:inst3|inst                           ; CLK        ; CLK      ; None                        ; None                      ; 1.200 ns                ;
; N/A   ; Restricted to 200.00 MHz ( period = 5.000 ns ) ; figura1:inst2|divisorDeFrequencia:inst|contador:inst9|inst  ; figura1:inst2|divisorDeFrequencia:inst|contador:inst9|inst  ; CLK        ; CLK      ; None                        ; None                      ; 1.200 ns                ;
; N/A   ; Restricted to 200.00 MHz ( period = 5.000 ns ) ; figura1:inst2|contador:inst3|inst5                          ; figura1:inst2|contador:inst3|inst5                          ; CLK        ; CLK      ; None                        ; None                      ; 1.200 ns                ;
; N/A   ; Restricted to 200.00 MHz ( period = 5.000 ns ) ; figura1:inst2|divisorDeFrequencia:inst|contador:inst8|inst5 ; figura1:inst2|divisorDeFrequencia:inst|contador:inst8|inst5 ; CLK        ; CLK      ; None                        ; None                      ; 1.200 ns                ;
; N/A   ; Restricted to 200.00 MHz ( period = 5.000 ns ) ; figura1:inst2|divisorDeFrequencia:inst|contador:inst8|inst  ; figura1:inst2|divisorDeFrequencia:inst|contador:inst8|inst  ; CLK        ; CLK      ; None                        ; None                      ; 1.200 ns                ;
; N/A   ; Restricted to 200.00 MHz ( period = 5.000 ns ) ; figura1:inst2|divisorDeFrequencia:inst|contador:inst7|inst5 ; figura1:inst2|divisorDeFrequencia:inst|contador:inst7|inst5 ; CLK        ; CLK      ; None                        ; None                      ; 1.200 ns                ;
; N/A   ; Restricted to 200.00 MHz ( period = 5.000 ns ) ; figura1:inst2|divisorDeFrequencia:inst|contador:inst7|inst  ; figura1:inst2|divisorDeFrequencia:inst|contador:inst7|inst  ; CLK        ; CLK      ; None                        ; None                      ; 1.200 ns                ;
; N/A   ; Restricted to 200.00 MHz ( period = 5.000 ns ) ; figura1:inst2|divisorDeFrequencia:inst|contador:inst6|inst5 ; figura1:inst2|divisorDeFrequencia:inst|contador:inst6|inst5 ; CLK        ; CLK      ; None                        ; None                      ; 1.200 ns                ;
; N/A   ; Restricted to 200.00 MHz ( period = 5.000 ns ) ; figura1:inst2|divisorDeFrequencia:inst|contador:inst6|inst  ; figura1:inst2|divisorDeFrequencia:inst|contador:inst6|inst  ; CLK        ; CLK      ; None                        ; None                      ; 1.200 ns                ;
; N/A   ; Restricted to 200.00 MHz ( period = 5.000 ns ) ; figura1:inst2|divisorDeFrequencia:inst|contador:inst5|inst5 ; figura1:inst2|divisorDeFrequencia:inst|contador:inst5|inst5 ; CLK        ; CLK      ; None                        ; None                      ; 1.200 ns                ;
; N/A   ; Restricted to 200.00 MHz ( period = 5.000 ns ) ; figura1:inst2|divisorDeFrequencia:inst|contador:inst5|inst  ; figura1:inst2|divisorDeFrequencia:inst|contador:inst5|inst  ; CLK        ; CLK      ; None                        ; None                      ; 1.200 ns                ;
; N/A   ; Restricted to 200.00 MHz ( period = 5.000 ns ) ; figura1:inst2|divisorDeFrequencia:inst|contador:inst4|inst5 ; figura1:inst2|divisorDeFrequencia:inst|contador:inst4|inst5 ; CLK        ; CLK      ; None                        ; None                      ; 1.200 ns                ;
; N/A   ; Restricted to 200.00 MHz ( period = 5.000 ns ) ; figura1:inst2|divisorDeFrequencia:inst|contador:inst4|inst  ; figura1:inst2|divisorDeFrequencia:inst|contador:inst4|inst  ; CLK        ; CLK      ; None                        ; None                      ; 1.200 ns                ;
; N/A   ; Restricted to 200.00 MHz ( period = 5.000 ns ) ; figura1:inst2|divisorDeFrequencia:inst|contador:inst3|inst5 ; figura1:inst2|divisorDeFrequencia:inst|contador:inst3|inst5 ; CLK        ; CLK      ; None                        ; None                      ; 1.200 ns                ;
; N/A   ; Restricted to 200.00 MHz ( period = 5.000 ns ) ; figura1:inst2|divisorDeFrequencia:inst|contador:inst3|inst  ; figura1:inst2|divisorDeFrequencia:inst|contador:inst3|inst  ; CLK        ; CLK      ; None                        ; None                      ; 1.200 ns                ;
; N/A   ; Restricted to 200.00 MHz ( period = 5.000 ns ) ; figura1:inst2|divisorDeFrequencia:inst|contador:inst2|inst5 ; figura1:inst2|divisorDeFrequencia:inst|contador:inst2|inst5 ; CLK        ; CLK      ; None                        ; None                      ; 1.200 ns                ;
; N/A   ; Restricted to 200.00 MHz ( period = 5.000 ns ) ; figura1:inst2|divisorDeFrequencia:inst|contador:inst2|inst  ; figura1:inst2|divisorDeFrequencia:inst|contador:inst2|inst  ; CLK        ; CLK      ; None                        ; None                      ; 1.200 ns                ;
; N/A   ; Restricted to 200.00 MHz ( period = 5.000 ns ) ; figura1:inst2|divisorDeFrequencia:inst|contador:inst|inst   ; figura1:inst2|divisorDeFrequencia:inst|contador:inst|inst   ; CLK        ; CLK      ; None                        ; None                      ; 1.200 ns                ;
; N/A   ; Restricted to 200.00 MHz ( period = 5.000 ns ) ; figura1:inst2|divisorDeFrequencia:inst|contador:inst|inst5  ; figura1:inst2|divisorDeFrequencia:inst|contador:inst|inst5  ; CLK        ; CLK      ; None                        ; None                      ; 1.200 ns                ;
; N/A   ; Restricted to 200.00 MHz ( period = 5.000 ns ) ; figura1:inst2|divisorDeFrequencia:inst|contador:inst|inst   ; figura1:inst2|divisorDeFrequencia:inst|contador:inst|inst5  ; CLK        ; CLK      ; None                        ; None                      ; 0.500 ns                ;
+-------+------------------------------------------------+-------------------------------------------------------------+-------------------------------------------------------------+------------+----------+-----------------------------+---------------------------+-------------------------+


+------------------------------------------------------------------------------------------+
; tsu                                                                                      ;
+-------+--------------+------------+------+------------------------------------+----------+
; Slack ; Required tsu ; Actual tsu ; From ; To                                 ; To Clock ;
+-------+--------------+------------+------+------------------------------------+----------+
; N/A   ; None         ; -0.400 ns  ; CLK  ; figura1:inst2|contador:inst3|inst5 ; CLK      ;
; N/A   ; None         ; -2.300 ns  ; CLK  ; figura1:inst2|contador:inst3|inst  ; CLK      ;
+-------+--------------+------------+------+------------------------------------+----------+


+------------------------------------------------------------------------------------------+
; tco                                                                                      ;
+-------+--------------+------------+------------------------------------+----+------------+
; Slack ; Required tco ; Actual tco ; From                               ; To ; From Clock ;
+-------+--------------+------------+------------------------------------+----+------------+
; N/A   ; None         ; 36.700 ns  ; figura1:inst2|contador:inst3|inst  ; G  ; CLK        ;
; N/A   ; None         ; 36.500 ns  ; figura1:inst2|contador:inst3|inst5 ; G  ; CLK        ;
; N/A   ; None         ; 36.500 ns  ; figura1:inst2|contador:inst3|inst  ; C  ; CLK        ;
; N/A   ; None         ; 36.300 ns  ; figura1:inst2|contador:inst3|inst5 ; C  ; CLK        ;
; N/A   ; None         ; 36.200 ns  ; figura1:inst2|contador:inst3|inst  ; D  ; CLK        ;
; N/A   ; None         ; 36.000 ns  ; figura1:inst2|contador:inst3|inst5 ; D  ; CLK        ;
; N/A   ; None         ; 35.000 ns  ; figura1:inst2|contador:inst3|inst  ; F  ; CLK        ;
; N/A   ; None         ; 34.800 ns  ; figura1:inst2|contador:inst3|inst5 ; F  ; CLK        ;
; N/A   ; None         ; 34.800 ns  ; figura1:inst2|contador:inst3|inst  ; A  ; CLK        ;
; N/A   ; None         ; 34.600 ns  ; figura1:inst2|contador:inst3|inst5 ; A  ; CLK        ;
; N/A   ; None         ; 34.500 ns  ; figura1:inst2|contador:inst3|inst  ; E  ; CLK        ;
; N/A   ; None         ; 34.400 ns  ; figura1:inst2|contador:inst3|inst  ; B  ; CLK        ;
; N/A   ; None         ; 34.300 ns  ; figura1:inst2|contador:inst3|inst5 ; E  ; CLK        ;
; N/A   ; None         ; 34.200 ns  ; figura1:inst2|contador:inst3|inst5 ; B  ; CLK        ;
; N/A   ; None         ; 21.900 ns  ; figura1:inst2|contador:inst3|inst  ; D3 ; CLK        ;
; N/A   ; None         ; 21.800 ns  ; figura1:inst2|contador:inst3|inst  ; D2 ; CLK        ;
; N/A   ; None         ; 21.700 ns  ; figura1:inst2|contador:inst3|inst5 ; D3 ; CLK        ;
; N/A   ; None         ; 21.600 ns  ; figura1:inst2|contador:inst3|inst5 ; D2 ; CLK        ;
; N/A   ; None         ; 20.100 ns  ; figura1:inst2|contador:inst3|inst5 ; D1 ; CLK        ;
; N/A   ; None         ; 19.900 ns  ; figura1:inst2|contador:inst3|inst  ; D1 ; CLK        ;
; N/A   ; None         ; 18.700 ns  ; figura1:inst2|contador:inst3|inst  ; D0 ; CLK        ;
; N/A   ; None         ; 18.500 ns  ; figura1:inst2|contador:inst3|inst5 ; D0 ; CLK        ;
+-------+--------------+------------+------------------------------------+----+------------+


+---------------------------------------------------------+
; tpd                                                     ;
+-------+-------------------+-----------------+------+----+
; Slack ; Required P2P Time ; Actual P2P Time ; From ; To ;
+-------+-------------------+-----------------+------+----+
; N/A   ; None              ; 47.700 ns       ; E4   ; G  ;
; N/A   ; None              ; 47.500 ns       ; E4   ; C  ;
; N/A   ; None              ; 47.200 ns       ; E4   ; D  ;
; N/A   ; None              ; 46.700 ns       ; E3   ; G  ;
; N/A   ; None              ; 46.500 ns       ; E6   ; G  ;
; N/A   ; None              ; 46.500 ns       ; E3   ; C  ;
; N/A   ; None              ; 46.300 ns       ; E6   ; C  ;
; N/A   ; None              ; 46.200 ns       ; E3   ; D  ;
; N/A   ; None              ; 46.000 ns       ; E4   ; F  ;
; N/A   ; None              ; 46.000 ns       ; E6   ; D  ;
; N/A   ; None              ; 45.800 ns       ; E4   ; A  ;
; N/A   ; None              ; 45.500 ns       ; E4   ; E  ;
; N/A   ; None              ; 45.400 ns       ; E4   ; B  ;
; N/A   ; None              ; 45.000 ns       ; E3   ; F  ;
; N/A   ; None              ; 44.800 ns       ; E6   ; F  ;
; N/A   ; None              ; 44.800 ns       ; E3   ; A  ;
; N/A   ; None              ; 44.600 ns       ; E6   ; A  ;
; N/A   ; None              ; 44.500 ns       ; E5   ; G  ;
; N/A   ; None              ; 44.500 ns       ; E7   ; G  ;
; N/A   ; None              ; 44.500 ns       ; E3   ; E  ;
; N/A   ; None              ; 44.400 ns       ; E3   ; B  ;
; N/A   ; None              ; 44.300 ns       ; E6   ; E  ;
; N/A   ; None              ; 44.300 ns       ; E5   ; C  ;
; N/A   ; None              ; 44.300 ns       ; E7   ; C  ;
; N/A   ; None              ; 44.200 ns       ; E6   ; B  ;
; N/A   ; None              ; 44.000 ns       ; E5   ; D  ;
; N/A   ; None              ; 44.000 ns       ; E7   ; D  ;
; N/A   ; None              ; 42.800 ns       ; E5   ; F  ;
; N/A   ; None              ; 42.800 ns       ; E7   ; F  ;
; N/A   ; None              ; 42.600 ns       ; E5   ; A  ;
; N/A   ; None              ; 42.600 ns       ; E7   ; A  ;
; N/A   ; None              ; 42.300 ns       ; E5   ; E  ;
; N/A   ; None              ; 42.300 ns       ; E7   ; E  ;
; N/A   ; None              ; 42.200 ns       ; E5   ; B  ;
; N/A   ; None              ; 42.200 ns       ; E7   ; B  ;
; N/A   ; None              ; 37.600 ns       ; E1   ; G  ;
; N/A   ; None              ; 37.200 ns       ; E1   ; D  ;
; N/A   ; None              ; 37.100 ns       ; E1   ; C  ;
; N/A   ; None              ; 36.100 ns       ; E2   ; G  ;
; N/A   ; None              ; 35.900 ns       ; E2   ; C  ;
; N/A   ; None              ; 35.600 ns       ; E2   ; D  ;
; N/A   ; None              ; 35.500 ns       ; E1   ; F  ;
; N/A   ; None              ; 35.200 ns       ; E1   ; A  ;
; N/A   ; None              ; 34.900 ns       ; E1   ; B  ;
; N/A   ; None              ; 34.400 ns       ; E2   ; F  ;
; N/A   ; None              ; 34.200 ns       ; E2   ; A  ;
; N/A   ; None              ; 34.000 ns       ; E1   ; E  ;
; N/A   ; None              ; 33.900 ns       ; E2   ; E  ;
; N/A   ; None              ; 33.800 ns       ; E2   ; B  ;
; N/A   ; None              ; 31.800 ns       ; E0   ; G  ;
; N/A   ; None              ; 31.400 ns       ; E0   ; D  ;
; N/A   ; None              ; 31.300 ns       ; E0   ; C  ;
; N/A   ; None              ; 29.700 ns       ; E0   ; F  ;
; N/A   ; None              ; 29.400 ns       ; E0   ; A  ;
; N/A   ; None              ; 29.100 ns       ; E0   ; B  ;
; N/A   ; None              ; 28.200 ns       ; E0   ; E  ;
+-------+-------------------+-----------------+------+----+


+------------------------------------------------------------------------------------------------+
; th                                                                                             ;
+---------------+-------------+-----------+------+------------------------------------+----------+
; Minimum Slack ; Required th ; Actual th ; From ; To                                 ; To Clock ;
+---------------+-------------+-----------+------+------------------------------------+----------+
; N/A           ; None        ; 3.900 ns  ; CLK  ; figura1:inst2|contador:inst3|inst  ; CLK      ;
; N/A           ; None        ; 2.000 ns  ; CLK  ; figura1:inst2|contador:inst3|inst5 ; CLK      ;
+---------------+-------------+-----------+------+------------------------------------+----------+


+--------------------------+
; Timing Analyzer Messages ;
+--------------------------+
Info: *******************************************************************
Info: Running Quartus II Classic Timing Analyzer
    Info: Version 9.0 Build 132 02/25/2009 SJ Full Version
    Info: Processing started: Fri Sep 13 13:26:46 2019
Info: Command: quartus_tan --read_settings_files=off --write_settings_files=off figura2 -c figura2
Info: Parallel compilation is enabled and will use 2 of the 2 processors detected
Info: Started post-fitting delay annotation
Info: Delay annotation completed successfully
Warning: Found pins functioning as undefined clocks and/or memory enables
    Info: Assuming node "CLK" is an undefined clock
Warning: Found 1 node(s) in clock paths which may be acting as ripple and/or gated clocks -- node(s) analyzed as buffer(s) resulting in clock skew
    Info: Detected ripple clock "figura1:inst2|divisorDeFrequencia:inst|contador:inst9|inst" as buffer
Info: Clock "CLK" has Internal fmax of 68.03 MHz between source register "figura1:inst2|divisorDeFrequencia:inst|contador:inst2|inst5" and destination register "figura1:inst2|divisorDeFrequencia:inst|contador:inst9|inst" (period= 14.7 ns)
    Info: + Longest register to register delay is 12.900 ns
        Info: 1: + IC(0.000 ns) + CELL(0.000 ns) = 0.000 ns; Loc. = LC2_F8; Fanout = 2; REG Node = 'figura1:inst2|divisorDeFrequencia:inst|contador:inst2|inst5'
        Info: 2: + IC(0.200 ns) + CELL(2.200 ns) = 2.400 ns; Loc. = LC1_F8; Fanout = 4; COMB Node = 'figura1:inst2|divisorDeFrequencia:inst|contador:inst2|inst7'
        Info: 3: + IC(1.000 ns) + CELL(1.700 ns) = 5.100 ns; Loc. = LC1_F6; Fanout = 4; COMB Node = 'figura1:inst2|divisorDeFrequencia:inst|contador:inst4|inst4~0'
        Info: 4: + IC(1.000 ns) + CELL(1.700 ns) = 7.800 ns; Loc. = LC1_F5; Fanout = 4; COMB Node = 'figura1:inst2|divisorDeFrequencia:inst|contador:inst5|inst7'
        Info: 5: + IC(1.000 ns) + CELL(1.700 ns) = 10.500 ns; Loc. = LC5_F4; Fanout = 4; COMB Node = 'figura1:inst2|divisorDeFrequencia:inst|contador:inst7|inst4~0'
        Info: 6: + IC(0.200 ns) + CELL(1.700 ns) = 12.400 ns; Loc. = LC6_F4; Fanout = 1; COMB Node = 'figura1:inst2|divisorDeFrequencia:inst|contador:inst8|inst7'
        Info: 7: + IC(0.200 ns) + CELL(0.300 ns) = 12.900 ns; Loc. = LC1_F4; Fanout = 3; REG Node = 'figura1:inst2|divisorDeFrequencia:inst|contador:inst9|inst'
        Info: Total cell delay = 9.300 ns ( 72.09 % )
        Info: Total interconnect delay = 3.600 ns ( 27.91 % )
    Info: - Smallest clock skew is 0.000 ns
        Info: + Shortest clock path from clock "CLK" to destination register is 1.900 ns
            Info: 1: + IC(0.000 ns) + CELL(0.500 ns) = 0.500 ns; Loc. = PIN_79; Fanout = 19; CLK Node = 'CLK'
            Info: 2: + IC(1.400 ns) + CELL(0.000 ns) = 1.900 ns; Loc. = LC1_F4; Fanout = 3; REG Node = 'figura1:inst2|divisorDeFrequencia:inst|contador:inst9|inst'
            Info: Total cell delay = 0.500 ns ( 26.32 % )
            Info: Total interconnect delay = 1.400 ns ( 73.68 % )
        Info: - Longest clock path from clock "CLK" to source register is 1.900 ns
            Info: 1: + IC(0.000 ns) + CELL(0.500 ns) = 0.500 ns; Loc. = PIN_79; Fanout = 19; CLK Node = 'CLK'
            Info: 2: + IC(1.400 ns) + CELL(0.000 ns) = 1.900 ns; Loc. = LC2_F8; Fanout = 2; REG Node = 'figura1:inst2|divisorDeFrequencia:inst|contador:inst2|inst5'
            Info: Total cell delay = 0.500 ns ( 26.32 % )
            Info: Total interconnect delay = 1.400 ns ( 73.68 % )
    Info: + Micro clock to output delay of source is 1.100 ns
    Info: + Micro setup delay of destination is 0.700 ns
Info: tsu for register "figura1:inst2|contador:inst3|inst5" (data pin = "CLK", clock pin = "CLK") is -0.400 ns
    Info: + Longest pin to register delay is 4.600 ns
        Info: 1: + IC(0.000 ns) + CELL(0.500 ns) = 0.500 ns; Loc. = PIN_79; Fanout = 19; CLK Node = 'CLK'
        Info: 2: + IC(1.900 ns) + CELL(1.700 ns) = 4.100 ns; Loc. = LC7_J32; Fanout = 1; COMB Node = 'figura1:inst2|contador:inst3|inst4'
        Info: 3: + IC(0.200 ns) + CELL(0.300 ns) = 4.600 ns; Loc. = LC4_J32; Fanout = 7; REG Node = 'figura1:inst2|contador:inst3|inst5'
        Info: Total cell delay = 2.500 ns ( 54.35 % )
        Info: Total interconnect delay = 2.100 ns ( 45.65 % )
    Info: + Micro setup delay of destination is 0.700 ns
    Info: - Shortest clock path from clock "CLK" to destination register is 5.700 ns
        Info: 1: + IC(0.000 ns) + CELL(0.500 ns) = 0.500 ns; Loc. = PIN_79; Fanout = 19; CLK Node = 'CLK'
        Info: 2: + IC(1.400 ns) + CELL(1.100 ns) = 3.000 ns; Loc. = LC1_F4; Fanout = 3; REG Node = 'figura1:inst2|divisorDeFrequencia:inst|contador:inst9|inst'
        Info: 3: + IC(2.700 ns) + CELL(0.000 ns) = 5.700 ns; Loc. = LC4_J32; Fanout = 7; REG Node = 'figura1:inst2|contador:inst3|inst5'
        Info: Total cell delay = 1.600 ns ( 28.07 % )
        Info: Total interconnect delay = 4.100 ns ( 71.93 % )
Info: tco from clock "CLK" to destination pin "G" through register "figura1:inst2|contador:inst3|inst" is 36.700 ns
    Info: + Longest clock path from clock "CLK" to source register is 5.700 ns
        Info: 1: + IC(0.000 ns) + CELL(0.500 ns) = 0.500 ns; Loc. = PIN_79; Fanout = 19; CLK Node = 'CLK'
        Info: 2: + IC(1.400 ns) + CELL(1.100 ns) = 3.000 ns; Loc. = LC1_F4; Fanout = 3; REG Node = 'figura1:inst2|divisorDeFrequencia:inst|contador:inst9|inst'
        Info: 3: + IC(2.700 ns) + CELL(0.000 ns) = 5.700 ns; Loc. = LC5_J32; Fanout = 8; REG Node = 'figura1:inst2|contador:inst3|inst'
        Info: Total cell delay = 1.600 ns ( 28.07 % )
        Info: Total interconnect delay = 4.100 ns ( 71.93 % )
    Info: + Micro clock to output delay of source is 1.100 ns
    Info: + Longest register to pin delay is 29.900 ns
        Info: 1: + IC(0.000 ns) + CELL(0.000 ns) = 0.000 ns; Loc. = LC5_J32; Fanout = 8; REG Node = 'figura1:inst2|contador:inst3|inst'
        Info: 2: + IC(2.100 ns) + CELL(1.900 ns) = 4.000 ns; Loc. = LC5_J47; Fanout = 3; COMB Node = 'figura1:inst2|codificador:inst5|inst~1'
        Info: 3: + IC(1.900 ns) + CELL(2.200 ns) = 8.100 ns; Loc. = LC5_J35; Fanout = 1; COMB Node = 'figura1:inst2|multiplexador:inst1|inst10~0'
        Info: 4: + IC(0.200 ns) + CELL(2.200 ns) = 10.500 ns; Loc. = LC2_J35; Fanout = 1; COMB Node = 'figura1:inst2|multiplexador:inst1|inst10~3'
        Info: 5: + IC(1.700 ns) + CELL(2.200 ns) = 14.400 ns; Loc. = LC2_J32; Fanout = 7; COMB Node = 'figura1:inst2|multiplexador:inst1|inst10~5'
        Info: 6: + IC(3.900 ns) + CELL(2.000 ns) = 20.300 ns; Loc. = LC1_L52; Fanout = 1; COMB Node = 'figura1:inst2|7447:inst18|87'
        Info: 7: + IC(1.100 ns) + CELL(8.500 ns) = 29.900 ns; Loc. = PIN_54; Fanout = 0; PIN Node = 'G'
        Info: Total cell delay = 19.000 ns ( 63.55 % )
        Info: Total interconnect delay = 10.900 ns ( 36.45 % )
Info: Longest tpd from source pin "E4" to destination pin "G" is 47.700 ns
    Info: 1: + IC(0.000 ns) + CELL(3.400 ns) = 3.400 ns; Loc. = PIN_111; Fanout = 12; PIN Node = 'E4'
    Info: 2: + IC(5.700 ns) + CELL(1.700 ns) = 10.800 ns; Loc. = LC1_J25; Fanout = 3; COMB Node = 'figura2:inst|74185:inst|25~0'
    Info: 3: + IC(2.100 ns) + CELL(1.500 ns) = 14.400 ns; Loc. = LC3_J6; Fanout = 1; COMB Node = 'figura2:inst|74185:inst|41~13'
    Info: 4: + IC(0.000 ns) + CELL(1.900 ns) = 16.300 ns; Loc. = LC4_J6; Fanout = 1; COMB Node = 'figura2:inst|74185:inst|41~8'
    Info: 5: + IC(0.200 ns) + CELL(1.700 ns) = 18.200 ns; Loc. = LC7_J6; Fanout = 10; COMB Node = 'figura2:inst|74185:inst|41~2'
    Info: 6: + IC(2.800 ns) + CELL(1.900 ns) = 22.900 ns; Loc. = LC6_J42; Fanout = 1; COMB Node = 'figura2:inst|74185:inst8|22~1'
    Info: 7: + IC(0.200 ns) + CELL(1.700 ns) = 24.800 ns; Loc. = LC8_J42; Fanout = 1; COMB Node = 'figura1:inst2|multiplexador:inst1|inst10~11'
    Info: 8: + IC(1.800 ns) + CELL(1.700 ns) = 28.300 ns; Loc. = LC2_J35; Fanout = 1; COMB Node = 'figura1:inst2|multiplexador:inst1|inst10~3'
    Info: 9: + IC(1.700 ns) + CELL(2.200 ns) = 32.200 ns; Loc. = LC2_J32; Fanout = 7; COMB Node = 'figura1:inst2|multiplexador:inst1|inst10~5'
    Info: 10: + IC(3.900 ns) + CELL(2.000 ns) = 38.100 ns; Loc. = LC1_L52; Fanout = 1; COMB Node = 'figura1:inst2|7447:inst18|87'
    Info: 11: + IC(1.100 ns) + CELL(8.500 ns) = 47.700 ns; Loc. = PIN_54; Fanout = 0; PIN Node = 'G'
    Info: Total cell delay = 28.200 ns ( 59.12 % )
    Info: Total interconnect delay = 19.500 ns ( 40.88 % )
Info: th for register "figura1:inst2|contador:inst3|inst" (data pin = "CLK", clock pin = "CLK") is 3.900 ns
    Info: + Longest clock path from clock "CLK" to destination register is 5.700 ns
        Info: 1: + IC(0.000 ns) + CELL(0.500 ns) = 0.500 ns; Loc. = PIN_79; Fanout = 19; CLK Node = 'CLK'
        Info: 2: + IC(1.400 ns) + CELL(1.100 ns) = 3.000 ns; Loc. = LC1_F4; Fanout = 3; REG Node = 'figura1:inst2|divisorDeFrequencia:inst|contador:inst9|inst'
        Info: 3: + IC(2.700 ns) + CELL(0.000 ns) = 5.700 ns; Loc. = LC5_J32; Fanout = 8; REG Node = 'figura1:inst2|contador:inst3|inst'
        Info: Total cell delay = 1.600 ns ( 28.07 % )
        Info: Total interconnect delay = 4.100 ns ( 71.93 % )
    Info: + Micro hold delay of destination is 0.900 ns
    Info: - Shortest pin to register delay is 2.700 ns
        Info: 1: + IC(0.000 ns) + CELL(0.500 ns) = 0.500 ns; Loc. = PIN_79; Fanout = 19; CLK Node = 'CLK'
        Info: 2: + IC(1.900 ns) + CELL(0.300 ns) = 2.700 ns; Loc. = LC5_J32; Fanout = 8; REG Node = 'figura1:inst2|contador:inst3|inst'
        Info: Total cell delay = 0.800 ns ( 29.63 % )
        Info: Total interconnect delay = 1.900 ns ( 70.37 % )
Info: Quartus II Classic Timing Analyzer was successful. 0 errors, 2 warnings
    Info: Peak virtual memory: 142 megabytes
    Info: Processing ended: Fri Sep 13 13:26:47 2019
    Info: Elapsed time: 00:00:01
    Info: Total CPU time (on all processors): 00:00:01


