Flow report for circuitoFigura2
Mon Jul 29 01:20:33 2019
Quartus II Version 9.0 Build 235 06/17/2009 Service Pack 2 SJ Web Edition


---------------------
; Table of Contents ;
---------------------
  1. Legal Notice
  2. Flow Summary
  3. Flow Settings
  4. Flow Non-Default Global Settings
  5. Flow Elapsed Time
  6. Flow OS Summary
  7. Flow Log



----------------
; Legal Notice ;
----------------
Copyright (C) 1991-2009 Altera Corporation
Your use of Altera Corporation's design tools, logic functions 
and other software and tools, and its AMPP partner logic 
functions, and any output files from any of the foregoing 
(including device programming or simulation files), and any 
associated documentation or information are expressly subject 
to the terms and conditions of the Altera Program License 
Subscription Agreement, Altera MegaCore Function License 
Agreement, or other applicable license agreement, including, 
without limitation, that your use is for the sole purpose of 
programming logic devices manufactured by Altera and sold by 
Altera or its authorized distributors.  Please refer to the 
applicable agreement for further details.



+------------------------------------------------------------------------+
; Flow Summary                                                           ;
+-------------------------+----------------------------------------------+
; Flow Status             ; Successful - Mon Jul 29 01:20:33 2019        ;
; Quartus II Version      ; 9.0 Build 235 06/17/2009 SP 2 SJ Web Edition ;
; Revision Name           ; circuitoFigura2                              ;
; Top-level Entity Name   ; circuitoFigura2                              ;
; Family                  ; ACEX1K                                       ;
; Device                  ; EP1K100QC208-3                               ;
; Timing Models           ; Final                                        ;
; Met timing requirements ; Yes                                          ;
; Total logic elements    ; 1 / 4,992 ( < 1 % )                          ;
; Total pins              ; 4 / 147 ( 3 % )                              ;
; Total memory bits       ; 0 / 49,152 ( 0 % )                           ;
; Total PLLs              ; 0                                            ;
+-------------------------+----------------------------------------------+


+-----------------------------------------+
; Flow Settings                           ;
+-------------------+---------------------+
; Option            ; Setting             ;
+-------------------+---------------------+
; Start date & time ; 07/29/2019 01:20:20 ;
; Main task         ; Compilation         ;
; Revision Name     ; circuitoFigura2     ;
+-------------------+---------------------+


+---------------------------------------------------------------------------------------------------------------------+
; Flow Non-Default Global Settings                                                                                    ;
+------------------------------------+---------------------------------+---------------+-------------+----------------+
; Assignment Name                    ; Value                           ; Default Value ; Entity Name ; Section Id     ;
+------------------------------------+---------------------------------+---------------+-------------+----------------+
; COMPILER_SIGNATURE_ID              ; 141761625673769.156437401907884 ; --            ; --          ; --             ;
; MAX_CORE_JUNCTION_TEMP             ; 85                              ; --            ; --          ; --             ;
; MIN_CORE_JUNCTION_TEMP             ; 0                               ; --            ; --          ; --             ;
; USE_GENERATED_PHYSICAL_CONSTRAINTS ; Off                             ; --            ; --          ; eda_blast_fpga ;
+------------------------------------+---------------------------------+---------------+-------------+----------------+


+-----------------------------------------------------------------------------------------------------------------------------+
; Flow Elapsed Time                                                                                                           ;
+-------------------------+--------------+-------------------------+---------------------+------------------------------------+
; Module Name             ; Elapsed Time ; Average Processors Used ; Peak Virtual Memory ; Total CPU Time (on all processors) ;
+-------------------------+--------------+-------------------------+---------------------+------------------------------------+
; Analysis & Synthesis    ; 00:00:01     ; 1.0                     ; 215 MB              ; 00:00:01                           ;
; Fitter                  ; 00:00:06     ; 1.0                     ; 200 MB              ; 00:00:06                           ;
; Assembler               ; 00:00:01     ; 1.0                     ; 202 MB              ; 00:00:01                           ;
; Classic Timing Analyzer ; 00:00:01     ; 1.0                     ; 160 MB              ; 00:00:00                           ;
; Total                   ; 00:00:09     ; --                      ; --                  ; 00:00:08                           ;
+-------------------------+--------------+-------------------------+---------------------+------------------------------------+


+------------------------------------------------------------------------------------------+
; Flow OS Summary                                                                          ;
+-------------------------+------------------+---------------+------------+----------------+
; Module Name             ; Machine Hostname ; OS Name       ; OS Version ; Processor type ;
+-------------------------+------------------+---------------+------------+----------------+
; Analysis & Synthesis    ; DESKTOP-BFVE0ST  ; Windows Vista ; 6.2        ; x86_64         ;
; Fitter                  ; DESKTOP-BFVE0ST  ; Windows Vista ; 6.2        ; x86_64         ;
; Assembler               ; DESKTOP-BFVE0ST  ; Windows Vista ; 6.2        ; x86_64         ;
; Classic Timing Analyzer ; DESKTOP-BFVE0ST  ; Windows Vista ; 6.2        ; x86_64         ;
+-------------------------+------------------+---------------+------------+----------------+


------------
; Flow Log ;
------------
quartus_map --read_settings_files=on --write_settings_files=off circuitoFigura2 -c circuitoFigura2
quartus_fit --read_settings_files=off --write_settings_files=off circuitoFigura2 -c circuitoFigura2
quartus_asm --read_settings_files=off --write_settings_files=off circuitoFigura2 -c circuitoFigura2
quartus_tan --read_settings_files=off --write_settings_files=off circuitoFigura2 -c circuitoFigura2



